{"level":"info","message":"Adding new list of user with userId:11","meta":{"trace":"user.js"},"timestamp":"Oct-31-2023 04:23:41"}
{"level":"info","message":"Getting list of users","meta":{"trace":"user.js"},"timestamp":"Oct-31-2023 14:11:00"}
{"level":"info","message":"Getting list of users","meta":{"trace":"user.js"},"timestamp":"Oct-31-2023 16:58:50"}
{"level":"error","message":"(conn=260, no: 1064, SQLState: 42000) You have an error in your SQL syntax; check the manual that corresponds to your MariaDB server version for the right syntax to use near '-runningNo WHERE filename = 'bgp-ip.xlsx'' at line 1\nsql: SELECT MAX(runningNo) FROM file-runningNo WHERE filename = ? - parameters:['bgp-ip.xlsx']","meta":{"err":{"code":"ER_PARSE_ERROR","errno":1064,"fatal":false,"name":"SqlError","sql":"SELECT MAX(runningNo) FROM file-runningNo WHERE filename = ? - parameters:['bgp-ip.xlsx']","sqlMessage":"You have an error in your SQL syntax; check the manual that corresponds to your MariaDB server version for the right syntax to use near '-runningNo WHERE filename = 'bgp-ip.xlsx'' at line 1","sqlState":"42000"},"trace":"excelUpload.js"},"timestamp":"Oct-31-2023 17:36:12"}
{"level":"error","message":"(conn=265, no: 1064, SQLState: 42000) You have an error in your SQL syntax; check the manual that corresponds to your MariaDB server version for the right syntax to use near '-runningNo WHERE filename = 'bgp-ip.xlsx'' at line 1\nsql: SELECT MAX(runningNo) FROM file-runningNo WHERE filename = ? - parameters:['bgp-ip.xlsx']","meta":{"err":{"code":"ER_PARSE_ERROR","errno":1064,"fatal":false,"name":"SqlError","sql":"SELECT MAX(runningNo) FROM file-runningNo WHERE filename = ? - parameters:['bgp-ip.xlsx']","sqlMessage":"You have an error in your SQL syntax; check the manual that corresponds to your MariaDB server version for the right syntax to use near '-runningNo WHERE filename = 'bgp-ip.xlsx'' at line 1","sqlState":"42000"},"trace":"excelUpload.js"},"timestamp":"Oct-31-2023 17:37:20"}
{"level":"error","message":"(conn=270, no: 1064, SQLState: 42000) You have an error in your SQL syntax; check the manual that corresponds to your MariaDB server version for the right syntax to use near '-runningNo WHERE filename = 'bgp-ip.xlsx'' at line 1\nsql: SELECT MAX(runningNo) AS runningNo FROM file-runningNo WHERE filename = ? - parameters:['bgp-ip.xlsx']","meta":{"err":{"code":"ER_PARSE_ERROR","errno":1064,"fatal":false,"name":"SqlError","sql":"SELECT MAX(runningNo) AS runningNo FROM file-runningNo WHERE filename = ? - parameters:['bgp-ip.xlsx']","sqlMessage":"You have an error in your SQL syntax; check the manual that corresponds to your MariaDB server version for the right syntax to use near '-runningNo WHERE filename = 'bgp-ip.xlsx'' at line 1","sqlState":"42000"},"trace":"excelUpload.js"},"timestamp":"Oct-31-2023 17:37:42"}
{"level":"error","message":"(conn=275, no: 1064, SQLState: 42000) You have an error in your SQL syntax; check the manual that corresponds to your MariaDB server version for the right syntax to use near '-runningNo WHERE filename = 'bgp-ip.xlsx'' at line 1\nsql: SELECT MAX(runningNo) AS runningNo FROM file-runningNo WHERE filename = ? - parameters:['bgp-ip.xlsx']","meta":{"err":{"code":"ER_PARSE_ERROR","errno":1064,"fatal":false,"name":"SqlError","sql":"SELECT MAX(runningNo) AS runningNo FROM file-runningNo WHERE filename = ? - parameters:['bgp-ip.xlsx']","sqlMessage":"You have an error in your SQL syntax; check the manual that corresponds to your MariaDB server version for the right syntax to use near '-runningNo WHERE filename = 'bgp-ip.xlsx'' at line 1","sqlState":"42000"},"trace":"excelUpload.js"},"timestamp":"Oct-31-2023 17:38:42"}
{"level":"error","message":"(conn=280, no: 1064, SQLState: 42000) You have an error in your SQL syntax; check the manual that corresponds to your MariaDB server version for the right syntax to use near '-runningNo WHERE filename = 'bgp-ip.xlsx'' at line 1\nsql: SELECT MAX(runningNo) AS runningNo FROM file-runningNo WHERE filename = ? - parameters:['bgp-ip.xlsx']","meta":{"trace":"excelUpload.js"},"timestamp":"Oct-31-2023 17:41:28"}
{"level":"error","message":"(conn=302, no: 1064, SQLState: 42000) You have an error in your SQL syntax; check the manual that corresponds to your MariaDB server version for the right syntax to use near '-session (uploadedBy, uploadedOn, remarks) VALUES (1, '2023-10-31', 'testing ...' at line 1\nsql: INSERT INTO upload-session (uploadedBy, uploadedOn, remarks) VALUES (?, ?, ?) - parameters:[1,'2023-10-31','testing upload data']","meta":{"err":{"code":"ER_PARSE_ERROR","errno":1064,"fatal":false,"name":"SqlError","sql":"INSERT INTO upload-session (uploadedBy, uploadedOn, remarks) VALUES (?, ?, ?) - parameters:[1,'2023-10-31','testing upload data']","sqlMessage":"You have an error in your SQL syntax; check the manual that corresponds to your MariaDB server version for the right syntax to use near '-session (uploadedBy, uploadedOn, remarks) VALUES (1, '2023-10-31', 'testing ...' at line 1","sqlState":"42000"},"query":"INSERT INTO upload-session (uploadedBy, uploadedOn, remarks) VALUES (?, ?, ?)","trace":"excelUpload.js"},"timestamp":"Oct-31-2023 19:56:38"}
{"level":"error","message":"data is not iterable","meta":{"err":{},"query":"INSERT INTO upload_data (sessionId, ip-address, duration, status) VALUES (?, ?, ?, ?)","trace":"excelUpload.js"},"timestamp":"Oct-31-2023 19:58:20"}
{"level":"error","message":"(conn=318, no: 1064, SQLState: 42000) You have an error in your SQL syntax; check the manual that corresponds to your MariaDB server version for the right syntax to use near '-address, duration, status) VALUES (2, '127.0.0.1', 60, 'active')' at line 1\nsql: INSERT INTO upload_data (sessionId, ip-address, duration, status) VALUES (?, ?, ?, ?) - parameters:[2,'127.0.0.1',60,'active']","meta":{"err":{"code":"ER_PARSE_ERROR","errno":1064,"fatal":false,"name":"SqlError","sql":"INSERT INTO upload_data (sessionId, ip-address, duration, status) VALUES (?, ?, ?, ?) - parameters:[2,'127.0.0.1',60,'active']","sqlMessage":"You have an error in your SQL syntax; check the manual that corresponds to your MariaDB server version for the right syntax to use near '-address, duration, status) VALUES (2, '127.0.0.1', 60, 'active')' at line 1","sqlState":"42000"},"query":"INSERT INTO upload_data (sessionId, ip-address, duration, status) VALUES (?, ?, ?, ?)","trace":"excelUpload.js"},"timestamp":"Oct-31-2023 20:00:52"}
{"level":"error","message":"(conn=323, no: 1064, SQLState: 42000) You have an error in your SQL syntax; check the manual that corresponds to your MariaDB server version for the right syntax to use near '-address, duration, status) VALUES (3, '127.0.0.1', 60, 'active')' at line 1\nsql: INSERT INTO upload_data (sessionId, ip-address, duration, status) VALUES (?, ?, ?, ?) - parameters:[3,'127.0.0.1',60,'active']","meta":{"err":{"code":"ER_PARSE_ERROR","errno":1064,"fatal":false,"name":"SqlError","sql":"INSERT INTO upload_data (sessionId, ip-address, duration, status) VALUES (?, ?, ?, ?) - parameters:[3,'127.0.0.1',60,'active']","sqlMessage":"You have an error in your SQL syntax; check the manual that corresponds to your MariaDB server version for the right syntax to use near '-address, duration, status) VALUES (3, '127.0.0.1', 60, 'active')' at line 1","sqlState":"42000"},"query":"INSERT INTO upload_data (sessionId, ip-address, duration, status) VALUES (?, ?, ?, ?)","trace":"excelUpload.js"},"timestamp":"Oct-31-2023 20:01:43"}
{"level":"error","message":"(conn=328, no: 1064, SQLState: 42000) You have an error in your SQL syntax; check the manual that corresponds to your MariaDB server version for the right syntax to use near '-address, duration, status) VALUES (4, '127.0.0.1', 60, 'active')' at line 1\nsql: INSERT INTO upload_data (sessionId, ip-address, duration, status) VALUES (?, ?, ?, ?) - parameters:[4,'127.0.0.1',60,'active']","meta":{"err":{"code":"ER_PARSE_ERROR","errno":1064,"fatal":false,"name":"SqlError","sql":"INSERT INTO upload_data (sessionId, ip-address, duration, status) VALUES (?, ?, ?, ?) - parameters:[4,'127.0.0.1',60,'active']","sqlMessage":"You have an error in your SQL syntax; check the manual that corresponds to your MariaDB server version for the right syntax to use near '-address, duration, status) VALUES (4, '127.0.0.1', 60, 'active')' at line 1","sqlState":"42000"},"query":"INSERT INTO upload_data (sessionId, ip-address, duration, status) VALUES (?, ?, ?, ?)","trace":"excelUpload.js"},"timestamp":"Oct-31-2023 20:02:44"}
{"level":"info","message":"Get latest runningNo for file: bgp-ip.xlsx","meta":{"trace":"excelUpload.js"},"timestamp":"Oct-31-2023 20:25:28"}
{"level":"info","message":"Moving file bgp-ip.xlsx to D:/Downloads/Web Dev Project/ip-blackhole/Backend/src/bgp-ip_5.xlsx","meta":{"trace":"excelUpload.js"},"timestamp":"Oct-31-2023 20:25:28"}
{"level":"info","message":"Update latest runningNo for file: bgp-ip.xlsx","meta":{"trace":"excelUpload.js"},"timestamp":"Oct-31-2023 20:25:28"}
{"level":"info","message":"Insert upload data on upload_session for sessionId: 6","meta":{"trace":"excelUpload.js"},"timestamp":"Oct-31-2023 20:25:28"}
{"level":"info","message":"Insert upload data on upload_data for sessionId: 6","meta":{"trace":"excelUpload.js"},"timestamp":"Oct-31-2023 20:25:28"}
{"level":"info","message":"Insert upload data on upload_data for sessionId: 6","meta":{"trace":"excelUpload.js"},"timestamp":"Oct-31-2023 20:25:29"}
{"level":"info","message":"Insert upload data on upload_data for sessionId: 6","meta":{"trace":"excelUpload.js"},"timestamp":"Oct-31-2023 20:25:29"}
{"level":"info","message":"Insert upload data on upload_data for sessionId: 6","meta":{"trace":"excelUpload.js"},"timestamp":"Oct-31-2023 20:25:29"}
{"level":"info","message":"Insert upload data on upload_data for sessionId: 6","meta":{"trace":"excelUpload.js"},"timestamp":"Oct-31-2023 20:25:29"}
{"level":"info","message":"Insert upload data on upload_data for sessionId: 6","meta":{"trace":"excelUpload.js"},"timestamp":"Oct-31-2023 20:25:29"}
{"level":"info","message":"Insert upload data on upload_data for sessionId: 6","meta":{"trace":"excelUpload.js"},"timestamp":"Oct-31-2023 20:25:29"}
{"level":"info","message":"Insert upload data on upload_data for sessionId: 6","meta":{"trace":"excelUpload.js"},"timestamp":"Oct-31-2023 20:25:29"}
{"level":"info","message":"Insert upload data on upload_data for sessionId: 6","meta":{"trace":"excelUpload.js"},"timestamp":"Oct-31-2023 20:25:29"}
{"level":"info","message":"Insert upload data on upload_data for sessionId: 6","meta":{"trace":"excelUpload.js"},"timestamp":"Oct-31-2023 20:25:29"}
{"level":"info","message":"Insert upload data on upload_data for sessionId: 6","meta":{"trace":"excelUpload.js"},"timestamp":"Oct-31-2023 20:25:29"}
{"level":"info","message":"Insert upload data on upload_data for sessionId: 6","meta":{"trace":"excelUpload.js"},"timestamp":"Oct-31-2023 20:25:29"}
{"level":"info","message":"Insert upload data on upload_data for sessionId: 6","meta":{"trace":"excelUpload.js"},"timestamp":"Oct-31-2023 20:25:29"}
{"level":"info","message":"Insert upload data on upload_data for sessionId: 6","meta":{"trace":"excelUpload.js"},"timestamp":"Oct-31-2023 20:25:29"}
{"level":"info","message":"Insert upload data on upload_data for sessionId: 6","meta":{"trace":"excelUpload.js"},"timestamp":"Oct-31-2023 20:25:29"}
{"level":"info","message":"Get latest runningNo for file: bgp-ip.xlsx","meta":{"trace":"excelUpload.js"},"timestamp":"Oct-31-2023 22:07:11"}
{"level":"info","message":"Moving file bgp-ip.xlsx to D:/Downloads/Web Dev Project/ip-blackhole/Backend/src/bgp-ip_6.xlsx","meta":{"trace":"excelUpload.js"},"timestamp":"Oct-31-2023 22:07:11"}
{"level":"info","message":"Update latest runningNo for file: bgp-ip.xlsx","meta":{"trace":"excelUpload.js"},"timestamp":"Oct-31-2023 22:07:11"}
{"level":"info","message":"Insert upload data on upload_session for sessionId: 7","meta":{"trace":"excelUpload.js"},"timestamp":"Oct-31-2023 22:07:11"}
{"level":"info","message":"Insert upload data on upload_data for sessionId: 7","meta":{"trace":"excelUpload.js"},"timestamp":"Oct-31-2023 22:07:11"}
{"level":"info","message":"Insert upload data on upload_data for sessionId: 7","meta":{"trace":"excelUpload.js"},"timestamp":"Oct-31-2023 22:07:11"}
{"level":"info","message":"Insert upload data on upload_data for sessionId: 7","meta":{"trace":"excelUpload.js"},"timestamp":"Oct-31-2023 22:07:11"}
{"level":"info","message":"Insert upload data on upload_data for sessionId: 7","meta":{"trace":"excelUpload.js"},"timestamp":"Oct-31-2023 22:07:11"}
{"level":"info","message":"Insert upload data on upload_data for sessionId: 7","meta":{"trace":"excelUpload.js"},"timestamp":"Oct-31-2023 22:07:11"}
{"level":"info","message":"Insert upload data on upload_data for sessionId: 7","meta":{"trace":"excelUpload.js"},"timestamp":"Oct-31-2023 22:07:11"}
{"level":"info","message":"Insert upload data on upload_data for sessionId: 7","meta":{"trace":"excelUpload.js"},"timestamp":"Oct-31-2023 22:07:11"}
{"level":"info","message":"Insert upload data on upload_data for sessionId: 7","meta":{"trace":"excelUpload.js"},"timestamp":"Oct-31-2023 22:07:11"}
{"level":"info","message":"Insert upload data on upload_data for sessionId: 7","meta":{"trace":"excelUpload.js"},"timestamp":"Oct-31-2023 22:07:11"}
{"level":"info","message":"Insert upload data on upload_data for sessionId: 7","meta":{"trace":"excelUpload.js"},"timestamp":"Oct-31-2023 22:07:11"}
{"level":"info","message":"Insert upload data on upload_data for sessionId: 7","meta":{"trace":"excelUpload.js"},"timestamp":"Oct-31-2023 22:07:11"}
{"level":"info","message":"Insert upload data on upload_data for sessionId: 7","meta":{"trace":"excelUpload.js"},"timestamp":"Oct-31-2023 22:07:11"}
{"level":"info","message":"Insert upload data on upload_data for sessionId: 7","meta":{"trace":"excelUpload.js"},"timestamp":"Oct-31-2023 22:07:11"}
{"level":"info","message":"Insert upload data on upload_data for sessionId: 7","meta":{"trace":"excelUpload.js"},"timestamp":"Oct-31-2023 22:07:11"}
{"level":"info","message":"Insert upload data on upload_data for sessionId: 7","meta":{"trace":"excelUpload.js"},"timestamp":"Oct-31-2023 22:07:11"}
{"level":"info","message":"Get latest runningNo for file: bgp-ip.xlsx","meta":{"trace":"excelUpload.js"},"timestamp":"Nov-01-2023 00:30:23"}
{"level":"info","message":"Moving file bgp-ip.xlsx to D:/Downloads/Web Dev Project/ip-blackhole/Backend/src/bgp-ip_7.xlsx","meta":{"trace":"excelUpload.js"},"timestamp":"Nov-01-2023 00:30:23"}
{"level":"info","message":"Update latest runningNo for file: bgp-ip.xlsx","meta":{"trace":"excelUpload.js"},"timestamp":"Nov-01-2023 00:30:23"}
{"level":"info","message":"Insert upload data on upload_session for sessionId: 8","meta":{"trace":"excelUpload.js"},"timestamp":"Nov-01-2023 00:30:23"}
{"level":"info","message":"Insert upload data on upload_data for sessionId: 8","meta":{"trace":"excelUpload.js"},"timestamp":"Nov-01-2023 00:30:23"}
{"level":"info","message":"Insert upload data on upload_data for sessionId: 8","meta":{"trace":"excelUpload.js"},"timestamp":"Nov-01-2023 00:30:23"}
{"level":"info","message":"Insert upload data on upload_data for sessionId: 8","meta":{"trace":"excelUpload.js"},"timestamp":"Nov-01-2023 00:30:23"}
{"level":"info","message":"Insert upload data on upload_data for sessionId: 8","meta":{"trace":"excelUpload.js"},"timestamp":"Nov-01-2023 00:30:23"}
{"level":"info","message":"Insert upload data on upload_data for sessionId: 8","meta":{"trace":"excelUpload.js"},"timestamp":"Nov-01-2023 00:30:23"}
{"level":"info","message":"Insert upload data on upload_data for sessionId: 8","meta":{"trace":"excelUpload.js"},"timestamp":"Nov-01-2023 00:30:23"}
{"level":"info","message":"Insert upload data on upload_data for sessionId: 8","meta":{"trace":"excelUpload.js"},"timestamp":"Nov-01-2023 00:30:23"}
{"level":"info","message":"Insert upload data on upload_data for sessionId: 8","meta":{"trace":"excelUpload.js"},"timestamp":"Nov-01-2023 00:30:23"}
{"level":"info","message":"Insert upload data on upload_data for sessionId: 8","meta":{"trace":"excelUpload.js"},"timestamp":"Nov-01-2023 00:30:23"}
{"level":"info","message":"Get latest runningNo for file: bgp-ip.xlsx","meta":{"trace":"excelUpload.js"},"timestamp":"Nov-01-2023 00:56:34"}
{"level":"info","message":"Moving file bgp-ip.xlsx to D:/Downloads/Web Dev Project/ip-blackhole/Backend/src/bgp-ip_8.xlsx","meta":{"trace":"excelUpload.js"},"timestamp":"Nov-01-2023 00:56:34"}
{"level":"info","message":"Update latest runningNo for file: bgp-ip.xlsx","meta":{"trace":"excelUpload.js"},"timestamp":"Nov-01-2023 00:56:34"}
{"level":"info","message":"Insert upload data on upload_session for sessionId: 9","meta":{"trace":"excelUpload.js"},"timestamp":"Nov-01-2023 00:56:34"}
{"level":"info","message":"Insert upload data on upload_data for sessionId: 9","meta":{"trace":"excelUpload.js"},"timestamp":"Nov-01-2023 00:56:34"}
{"level":"info","message":"Insert upload data on upload_data for sessionId: 9","meta":{"trace":"excelUpload.js"},"timestamp":"Nov-01-2023 00:56:34"}
{"level":"info","message":"Insert upload data on upload_data for sessionId: 9","meta":{"trace":"excelUpload.js"},"timestamp":"Nov-01-2023 00:56:34"}
{"level":"info","message":"Insert upload data on upload_data for sessionId: 9","meta":{"trace":"excelUpload.js"},"timestamp":"Nov-01-2023 00:56:34"}
{"level":"info","message":"Insert upload data on upload_data for sessionId: 9","meta":{"trace":"excelUpload.js"},"timestamp":"Nov-01-2023 00:56:34"}
{"level":"info","message":"Insert upload data on upload_data for sessionId: 9","meta":{"trace":"excelUpload.js"},"timestamp":"Nov-01-2023 00:56:34"}
{"level":"info","message":"Insert upload data on upload_data for sessionId: 9","meta":{"trace":"excelUpload.js"},"timestamp":"Nov-01-2023 00:56:34"}
{"level":"info","message":"Insert upload data on upload_data for sessionId: 9","meta":{"trace":"excelUpload.js"},"timestamp":"Nov-01-2023 00:56:34"}
{"level":"info","message":"Insert upload data on upload_data for sessionId: 9","meta":{"trace":"excelUpload.js"},"timestamp":"Nov-01-2023 00:56:34"}
{"level":"info","message":"Get latest runningNo for file: invalid-ips.xlsx","meta":{"trace":"excelUpload.js"},"timestamp":"Nov-01-2023 00:57:58"}
{"level":"info","message":"Moving file invalid-ips.xlsx to D:/Downloads/Web Dev Project/ip-blackhole/Backend/src/invalid-ips_1.xlsx","meta":{"trace":"excelUpload.js"},"timestamp":"Nov-01-2023 00:57:58"}
{"level":"info","message":"Update latest runningNo for file: invalid-ips.xlsx","meta":{"trace":"excelUpload.js"},"timestamp":"Nov-01-2023 00:57:58"}
{"level":"info","message":"Insert upload data on upload_session for sessionId: 10","meta":{"trace":"excelUpload.js"},"timestamp":"Nov-01-2023 00:57:58"}
{"level":"info","message":"Insert upload data on upload_data for sessionId: 10","meta":{"trace":"excelUpload.js"},"timestamp":"Nov-01-2023 00:57:58"}
{"level":"info","message":"Insert upload data on upload_data for sessionId: 10","meta":{"trace":"excelUpload.js"},"timestamp":"Nov-01-2023 00:57:58"}
{"level":"info","message":"Insert upload data on upload_data for sessionId: 10","meta":{"trace":"excelUpload.js"},"timestamp":"Nov-01-2023 00:57:58"}
{"level":"info","message":"Insert upload data on upload_data for sessionId: 10","meta":{"trace":"excelUpload.js"},"timestamp":"Nov-01-2023 00:57:58"}
{"level":"info","message":"Insert upload data on upload_data for sessionId: 10","meta":{"trace":"excelUpload.js"},"timestamp":"Nov-01-2023 00:57:58"}
{"level":"info","message":"Insert upload data on upload_data for sessionId: 10","meta":{"trace":"excelUpload.js"},"timestamp":"Nov-01-2023 00:57:58"}
{"level":"info","message":"Insert upload data on upload_data for sessionId: 10","meta":{"trace":"excelUpload.js"},"timestamp":"Nov-01-2023 00:57:58"}
{"level":"info","message":"Insert upload data on upload_data for sessionId: 10","meta":{"trace":"excelUpload.js"},"timestamp":"Nov-01-2023 00:57:58"}
{"level":"info","message":"Insert upload data on upload_data for sessionId: 10","meta":{"trace":"excelUpload.js"},"timestamp":"Nov-01-2023 00:57:58"}
{"level":"info","message":"Get latest runningNo for file: invalid-ips.xlsx","meta":{"trace":"excelUpload.js"},"timestamp":"Nov-01-2023 01:01:22"}
{"level":"info","message":"Moving file invalid-ips.xlsx to D:/Downloads/Web Dev Project/ip-blackhole/Backend/src/invalid-ips_2.xlsx","meta":{"trace":"excelUpload.js"},"timestamp":"Nov-01-2023 01:01:22"}
{"level":"info","message":"Update latest runningNo for file: invalid-ips.xlsx","meta":{"trace":"excelUpload.js"},"timestamp":"Nov-01-2023 01:01:22"}
{"level":"info","message":"Get latest runningNo for file: invalid-ips.xlsx","meta":{"trace":"excelUpload.js"},"timestamp":"Nov-01-2023 01:02:23"}
{"level":"info","message":"Moving file invalid-ips.xlsx to D:/Downloads/Web Dev Project/ip-blackhole/Backend/src/invalid-ips_3.xlsx","meta":{"trace":"excelUpload.js"},"timestamp":"Nov-01-2023 01:02:23"}
{"level":"info","message":"Update latest runningNo for file: invalid-ips.xlsx","meta":{"trace":"excelUpload.js"},"timestamp":"Nov-01-2023 01:02:23"}
{"level":"info","message":"Get latest runningNo for file: invalid-ips.xlsx","meta":{"trace":"excelUpload.js"},"timestamp":"Nov-01-2023 01:16:35"}
{"level":"info","message":"Moving file invalid-ips.xlsx to D:/Downloads/Web Dev Project/ip-blackhole/Backend/src/invalid-ips_4.xlsx","meta":{"trace":"excelUpload.js"},"timestamp":"Nov-01-2023 01:16:35"}
{"level":"info","message":"Update latest runningNo for file: invalid-ips.xlsx","meta":{"trace":"excelUpload.js"},"timestamp":"Nov-01-2023 01:16:35"}
{"level":"info","message":"Get latest runningNo for file: invalid-ips.xlsx","meta":{"trace":"excelUpload.js"},"timestamp":"Nov-01-2023 01:18:27"}
{"level":"info","message":"Moving file invalid-ips.xlsx to D:/Downloads/Web Dev Project/ip-blackhole/Backend/src/invalid-ips_5.xlsx","meta":{"trace":"excelUpload.js"},"timestamp":"Nov-01-2023 01:18:27"}
{"level":"info","message":"Update latest runningNo for file: invalid-ips.xlsx","meta":{"trace":"excelUpload.js"},"timestamp":"Nov-01-2023 01:18:27"}
{"level":"info","message":"Get latest runningNo for file: invalid-ips.xlsx","meta":{"trace":"excelUpload.js"},"timestamp":"Nov-01-2023 01:20:07"}
{"level":"info","message":"Moving file invalid-ips.xlsx to D:/Downloads/Web Dev Project/ip-blackhole/Backend/src/invalid-ips_6.xlsx","meta":{"trace":"excelUpload.js"},"timestamp":"Nov-01-2023 01:20:07"}
{"level":"info","message":"Update latest runningNo for file: invalid-ips.xlsx","meta":{"trace":"excelUpload.js"},"timestamp":"Nov-01-2023 01:20:07"}
{"level":"info","message":"Get latest runningNo for file: invalid-ips.xlsx","meta":{"trace":"excelUpload.js"},"timestamp":"Nov-01-2023 01:28:26"}
{"level":"info","message":"Moving file invalid-ips.xlsx to D:/Downloads/Web Dev Project/ip-blackhole/Backend/src/invalid-ips_7.xlsx","meta":{"trace":"excelUpload.js"},"timestamp":"Nov-01-2023 01:28:26"}
{"level":"info","message":"Update latest runningNo for file: invalid-ips.xlsx","meta":{"trace":"excelUpload.js"},"timestamp":"Nov-01-2023 01:28:26"}
{"level":"info","message":"Get latest runningNo for file: invalid-ips.xlsx","meta":{"trace":"excelUpload.js"},"timestamp":"Nov-01-2023 01:29:46"}
{"level":"info","message":"Moving file invalid-ips.xlsx to D:/Downloads/Web Dev Project/ip-blackhole/Backend/src/invalid-ips_8.xlsx","meta":{"trace":"excelUpload.js"},"timestamp":"Nov-01-2023 01:29:46"}
{"level":"info","message":"Update latest runningNo for file: invalid-ips.xlsx","meta":{"trace":"excelUpload.js"},"timestamp":"Nov-01-2023 01:29:46"}
{"level":"info","message":"Get latest runningNo for file: invalid-ips.xlsx","meta":{"trace":"excelUpload.js"},"timestamp":"Nov-01-2023 01:29:55"}
{"level":"info","message":"Moving file invalid-ips.xlsx to D:/Downloads/Web Dev Project/ip-blackhole/Backend/src/invalid-ips_9.xlsx","meta":{"trace":"excelUpload.js"},"timestamp":"Nov-01-2023 01:29:55"}
{"level":"info","message":"Update latest runningNo for file: invalid-ips.xlsx","meta":{"trace":"excelUpload.js"},"timestamp":"Nov-01-2023 01:29:55"}
{"level":"info","message":"Get latest runningNo for file: invalid-ips.xlsx","meta":{"trace":"excelUpload.js"},"timestamp":"Nov-01-2023 01:30:56"}
{"level":"info","message":"Moving file invalid-ips.xlsx to D:/Downloads/Web Dev Project/ip-blackhole/Backend/src/invalid-ips_10.xlsx","meta":{"trace":"excelUpload.js"},"timestamp":"Nov-01-2023 01:30:56"}
{"level":"info","message":"Update latest runningNo for file: invalid-ips.xlsx","meta":{"trace":"excelUpload.js"},"timestamp":"Nov-01-2023 01:30:56"}
{"level":"info","message":"Get latest runningNo for file: invalid-ips.xlsx","meta":{"trace":"excelUpload.js"},"timestamp":"Nov-01-2023 01:47:05"}
{"level":"info","message":"Moving file invalid-ips.xlsx to D:/Downloads/Web Dev Project/ip-blackhole/Backend/src/invalid-ips_11.xlsx","meta":{"trace":"excelUpload.js"},"timestamp":"Nov-01-2023 01:47:05"}
{"level":"info","message":"Update latest runningNo for file: invalid-ips.xlsx","meta":{"trace":"excelUpload.js"},"timestamp":"Nov-01-2023 01:47:05"}
{"level":"info","message":"Get latest runningNo for file: invalid-ips.xlsx","meta":{"trace":"excelUpload.js"},"timestamp":"Nov-01-2023 01:58:55"}
{"level":"info","message":"Moving file invalid-ips.xlsx to D:/Downloads/Web Dev Project/ip-blackhole/Backend/src/invalid-ips_12.xlsx","meta":{"trace":"excelUpload.js"},"timestamp":"Nov-01-2023 01:58:55"}
{"level":"info","message":"Update latest runningNo for file: invalid-ips.xlsx","meta":{"trace":"excelUpload.js"},"timestamp":"Nov-01-2023 01:58:55"}
{"level":"info","message":"Get latest runningNo for file: invalid-ips.xlsx","meta":{"trace":"excelUpload.js"},"timestamp":"Nov-01-2023 02:00:22"}
{"level":"info","message":"Moving file invalid-ips.xlsx to D:/Downloads/Web Dev Project/ip-blackhole/Backend/src/invalid-ips_13.xlsx","meta":{"trace":"excelUpload.js"},"timestamp":"Nov-01-2023 02:00:22"}
{"level":"info","message":"Update latest runningNo for file: invalid-ips.xlsx","meta":{"trace":"excelUpload.js"},"timestamp":"Nov-01-2023 02:00:22"}
{"level":"info","message":"Get latest runningNo for file: invalid-ips.xlsx","meta":{"trace":"excelUpload.js"},"timestamp":"Nov-01-2023 02:01:27"}
{"level":"info","message":"Moving file invalid-ips.xlsx to D:/Downloads/Web Dev Project/ip-blackhole/Backend/src/invalid-ips_14.xlsx","meta":{"trace":"excelUpload.js"},"timestamp":"Nov-01-2023 02:01:27"}
{"level":"info","message":"Update latest runningNo for file: invalid-ips.xlsx","meta":{"trace":"excelUpload.js"},"timestamp":"Nov-01-2023 02:01:27"}
{"level":"info","message":"Get latest runningNo for file: invalid-ips.xlsx","meta":{"trace":"excelUpload.js"},"timestamp":"Nov-01-2023 02:03:39"}
{"level":"info","message":"Moving file invalid-ips.xlsx to D:/Downloads/Web Dev Project/ip-blackhole/Backend/src/invalid-ips_15.xlsx","meta":{"trace":"excelUpload.js"},"timestamp":"Nov-01-2023 02:03:39"}
{"level":"info","message":"Update latest runningNo for file: invalid-ips.xlsx","meta":{"trace":"excelUpload.js"},"timestamp":"Nov-01-2023 02:03:39"}
{"level":"info","message":"Get latest runningNo for file: invalid-ips.xlsx","meta":{"trace":"excelUpload.js"},"timestamp":"Nov-01-2023 02:04:26"}
{"level":"info","message":"Moving file invalid-ips.xlsx to D:/Downloads/Web Dev Project/ip-blackhole/Backend/src/invalid-ips_16.xlsx","meta":{"trace":"excelUpload.js"},"timestamp":"Nov-01-2023 02:04:26"}
{"level":"info","message":"Update latest runningNo for file: invalid-ips.xlsx","meta":{"trace":"excelUpload.js"},"timestamp":"Nov-01-2023 02:04:26"}
{"level":"info","message":"Get latest runningNo for file: invalid-ips.xlsx","meta":{"trace":"excelUpload.js"},"timestamp":"Nov-01-2023 02:04:40"}
{"level":"info","message":"Moving file invalid-ips.xlsx to D:/Downloads/Web Dev Project/ip-blackhole/Backend/src/invalid-ips_17.xlsx","meta":{"trace":"excelUpload.js"},"timestamp":"Nov-01-2023 02:04:40"}
{"level":"info","message":"Update latest runningNo for file: invalid-ips.xlsx","meta":{"trace":"excelUpload.js"},"timestamp":"Nov-01-2023 02:04:40"}
{"level":"info","message":"Get latest runningNo for file: invalid-ips.xlsx","meta":{"trace":"excelUpload.js"},"timestamp":"Nov-01-2023 02:05:50"}
{"level":"info","message":"Moving file invalid-ips.xlsx to D:/Downloads/Web Dev Project/ip-blackhole/Backend/src/invalid-ips_18.xlsx","meta":{"trace":"excelUpload.js"},"timestamp":"Nov-01-2023 02:05:50"}
{"level":"info","message":"Update latest runningNo for file: invalid-ips.xlsx","meta":{"trace":"excelUpload.js"},"timestamp":"Nov-01-2023 02:05:50"}
{"level":"info","message":"Get latest runningNo for file: invalid-ips.xlsx","meta":{"trace":"excelUpload.js"},"timestamp":"Nov-01-2023 02:06:59"}
{"level":"info","message":"Moving file invalid-ips.xlsx to D:/Downloads/Web Dev Project/ip-blackhole/Backend/src/invalid-ips_19.xlsx","meta":{"trace":"excelUpload.js"},"timestamp":"Nov-01-2023 02:06:59"}
{"level":"info","message":"Update latest runningNo for file: invalid-ips.xlsx","meta":{"trace":"excelUpload.js"},"timestamp":"Nov-01-2023 02:06:59"}
{"level":"info","message":"Get latest runningNo for file: invalid-ips.xlsx","meta":{"trace":"excelUpload.js"},"timestamp":"Nov-01-2023 02:08:20"}
{"level":"info","message":"Moving file invalid-ips.xlsx to D:/Downloads/Web Dev Project/ip-blackhole/Backend/src/invalid-ips_20.xlsx","meta":{"trace":"excelUpload.js"},"timestamp":"Nov-01-2023 02:08:20"}
{"level":"info","message":"Update latest runningNo for file: invalid-ips.xlsx","meta":{"trace":"excelUpload.js"},"timestamp":"Nov-01-2023 02:08:20"}
{"level":"info","message":"Get latest runningNo for file: invalid-ips.xlsx","meta":{"trace":"excelUpload.js"},"timestamp":"Nov-01-2023 02:10:48"}
{"level":"info","message":"Moving file invalid-ips.xlsx to D:/Downloads/Web Dev Project/ip-blackhole/Backend/src/invalid-ips_21.xlsx","meta":{"trace":"excelUpload.js"},"timestamp":"Nov-01-2023 02:10:48"}
{"level":"info","message":"Update latest runningNo for file: invalid-ips.xlsx","meta":{"trace":"excelUpload.js"},"timestamp":"Nov-01-2023 02:10:48"}
{"level":"info","message":"Get latest runningNo for file: invalid-ips.xlsx","meta":{"trace":"excelUpload.js"},"timestamp":"Nov-01-2023 02:11:13"}
{"level":"info","message":"Moving file invalid-ips.xlsx to D:/Downloads/Web Dev Project/ip-blackhole/Backend/src/invalid-ips_22.xlsx","meta":{"trace":"excelUpload.js"},"timestamp":"Nov-01-2023 02:11:13"}
{"level":"info","message":"Update latest runningNo for file: invalid-ips.xlsx","meta":{"trace":"excelUpload.js"},"timestamp":"Nov-01-2023 02:11:13"}
{"level":"info","message":"Get latest runningNo for file: invalid-ips.xlsx","meta":{"trace":"excelUpload.js"},"timestamp":"Nov-01-2023 02:12:00"}
{"level":"info","message":"Moving file invalid-ips.xlsx to D:/Downloads/Web Dev Project/ip-blackhole/Backend/src/invalid-ips_23.xlsx","meta":{"trace":"excelUpload.js"},"timestamp":"Nov-01-2023 02:12:00"}
{"level":"info","message":"Update latest runningNo for file: invalid-ips.xlsx","meta":{"trace":"excelUpload.js"},"timestamp":"Nov-01-2023 02:12:00"}
{"level":"info","message":"Get latest runningNo for file: bgp-ip.xlsx","meta":{"trace":"excelUpload.js"},"timestamp":"Nov-01-2023 02:16:49"}
{"level":"info","message":"Moving file bgp-ip.xlsx to D:/Downloads/Web Dev Project/ip-blackhole/Backend/src/bgp-ip_1.xlsx","meta":{"trace":"excelUpload.js"},"timestamp":"Nov-01-2023 02:16:49"}
{"level":"info","message":"Update latest runningNo for file: bgp-ip.xlsx","meta":{"trace":"excelUpload.js"},"timestamp":"Nov-01-2023 02:16:49"}
{"level":"info","message":"Insert upload data on upload_session for sessionId: 1","meta":{"trace":"excelUpload.js"},"timestamp":"Nov-01-2023 02:16:49"}
{"level":"info","message":"Insert upload data on upload_data for sessionId: 1","meta":{"trace":"excelUpload.js"},"timestamp":"Nov-01-2023 02:16:49"}
{"level":"info","message":"Insert upload data on upload_data for sessionId: 1","meta":{"trace":"excelUpload.js"},"timestamp":"Nov-01-2023 02:16:49"}
{"level":"info","message":"Insert upload data on upload_data for sessionId: 1","meta":{"trace":"excelUpload.js"},"timestamp":"Nov-01-2023 02:16:49"}
{"level":"info","message":"Insert upload data on upload_data for sessionId: 1","meta":{"trace":"excelUpload.js"},"timestamp":"Nov-01-2023 02:16:49"}
{"level":"info","message":"Insert upload data on upload_data for sessionId: 1","meta":{"trace":"excelUpload.js"},"timestamp":"Nov-01-2023 02:16:49"}
{"level":"info","message":"Insert upload data on upload_data for sessionId: 1","meta":{"trace":"excelUpload.js"},"timestamp":"Nov-01-2023 02:16:49"}
{"level":"info","message":"Insert upload data on upload_data for sessionId: 1","meta":{"trace":"excelUpload.js"},"timestamp":"Nov-01-2023 02:16:49"}
{"level":"info","message":"Insert upload data on upload_data for sessionId: 1","meta":{"trace":"excelUpload.js"},"timestamp":"Nov-01-2023 02:16:49"}
{"level":"info","message":"Insert upload data on upload_data for sessionId: 1","meta":{"trace":"excelUpload.js"},"timestamp":"Nov-01-2023 02:16:49"}
{"level":"info","message":"Get latest runningNo for file: invalid-ips.xlsx","meta":{"trace":"excelUpload.js"},"timestamp":"Nov-01-2023 02:17:17"}
{"level":"info","message":"Moving file invalid-ips.xlsx to D:/Downloads/Web Dev Project/ip-blackhole/Backend/src/invalid-ips_1.xlsx","meta":{"trace":"excelUpload.js"},"timestamp":"Nov-01-2023 02:17:17"}
{"level":"info","message":"Update latest runningNo for file: invalid-ips.xlsx","meta":{"trace":"excelUpload.js"},"timestamp":"Nov-01-2023 02:17:17"}
{"level":"error","message":"(conn=505, no: 1146, SQLState: 42S02) Table 'ip_blacklist_dev.user_table' doesn't exist\nsql: SELECT * FROM user_table - parameters:[]","meta":{"err":{"code":"ER_NO_SUCH_TABLE","errno":1146,"fatal":false,"name":"SqlError","sql":"SELECT * FROM user_table - parameters:[]","sqlMessage":"Table 'ip_blacklist_dev.user_table' doesn't exist","sqlState":"42S02"},"trace":"user.js"},"timestamp":"Nov-02-2023 00:27:22"}
{"level":"error","message":"(conn=510, no: 1146, SQLState: 42S02) Table 'ip_blacklist_dev.user_table' doesn't exist\nsql: SELECT * FROM user_table - parameters:[]","meta":{"err":{"code":"ER_NO_SUCH_TABLE","errno":1146,"fatal":false,"name":"SqlError","sql":"SELECT * FROM user_table - parameters:[]","sqlMessage":"Table 'ip_blacklist_dev.user_table' doesn't exist","sqlState":"42S02"},"trace":"user.js"},"timestamp":"Nov-02-2023 00:28:07"}
{"level":"info","message":"Getting list of users","meta":{"trace":"user.js"},"timestamp":"Nov-02-2023 00:28:56"}
{"level":"info","message":"Getting list of users","meta":{"trace":"user.js"},"timestamp":"Nov-02-2023 00:53:44"}
{"level":"info","message":"Getting list of uploaded data","meta":{"trace":"uploadData.js"},"timestamp":"Nov-02-2023 00:54:41"}
{"level":"info","message":"Getting list of uploaded data","meta":{"trace":"uploadData.js"},"timestamp":"Nov-02-2023 00:57:16"}
{"level":"info","message":"Getting list of uploaded data","meta":{"trace":"uploadData.js"},"timestamp":"Nov-02-2023 00:57:28"}
{"level":"info","message":"Getting list of uploaded data","meta":{"trace":"uploadData.js"},"timestamp":"Nov-02-2023 00:57:56"}
{"level":"info","message":"Getting list of uploaded data","meta":{"trace":"uploadData.js"},"timestamp":"Nov-02-2023 00:58:31"}
{"level":"info","message":"Getting list of uploaded data","meta":{"trace":"uploadData.js"},"timestamp":"Nov-02-2023 01:10:53"}
{"level":"info","message":"Getting list of uploaded data","meta":{"trace":"uploadData.js"},"timestamp":"Nov-02-2023 01:12:02"}
{"level":"info","message":"Getting list of uploaded data","meta":{"trace":"uploadData.js"},"timestamp":"Nov-02-2023 01:14:57"}
{"level":"info","message":"Getting list of uploaded data","meta":{"trace":"uploadData.js"},"timestamp":"Nov-02-2023 01:16:13"}
{"level":"info","message":"Getting list of uploaded data","meta":{"trace":"uploadData.js"},"timestamp":"Nov-02-2023 01:17:14"}
{"level":"info","message":"Getting list of uploaded data","meta":{"trace":"uploadData.js"},"timestamp":"Nov-02-2023 01:18:01"}
{"level":"info","message":"Getting list of uploaded data","meta":{"trace":"uploadData.js"},"timestamp":"Nov-02-2023 01:24:28"}
{"level":"info","message":"Getting list of uploaded data","meta":{"trace":"uploadData.js"},"timestamp":"Nov-02-2023 01:25:20"}
{"level":"info","message":"Getting list of uploaded data","meta":{"trace":"uploadData.js"},"timestamp":"Nov-02-2023 01:26:34"}
{"level":"info","message":"Getting list of uploaded data","meta":{"trace":"uploadData.js"},"timestamp":"Nov-02-2023 01:28:46"}
{"level":"info","message":"Getting list of uploaded data","meta":{"trace":"uploadData.js"},"timestamp":"Nov-02-2023 01:29:25"}
{"level":"info","message":"Getting list of uploaded data","meta":{"trace":"uploadData.js"},"timestamp":"Nov-02-2023 01:30:15"}
{"level":"info","message":"Getting list of uploaded data","meta":{"trace":"uploadData.js"},"timestamp":"Nov-02-2023 01:30:34"}
{"level":"info","message":"Getting list of uploaded data","meta":{"trace":"uploadData.js"},"timestamp":"Nov-02-2023 01:31:05"}
{"level":"info","message":"Getting list of uploaded data","meta":{"trace":"uploadData.js"},"timestamp":"Nov-02-2023 01:31:14"}
{"level":"info","message":"Getting list of uploaded data","meta":{"trace":"uploadData.js"},"timestamp":"Nov-02-2023 01:32:00"}
{"level":"info","message":"Getting list of uploaded data","meta":{"trace":"uploadData.js"},"timestamp":"Nov-02-2023 01:40:23"}
{"level":"info","message":"Getting list of uploaded data","meta":{"trace":"uploadData.js"},"timestamp":"Nov-02-2023 01:41:25"}
{"level":"info","message":"Getting list of uploaded data","meta":{"trace":"uploadData.js"},"timestamp":"Nov-02-2023 01:43:04"}
{"level":"info","message":"Getting list of uploaded data","meta":{"trace":"uploadData.js"},"timestamp":"Nov-02-2023 01:46:10"}
{"level":"info","message":"Getting list of uploaded data","meta":{"trace":"uploadData.js"},"timestamp":"Nov-02-2023 01:50:09"}
{"level":"info","message":"Getting list of uploaded data","meta":{"trace":"uploadData.js"},"timestamp":"Nov-02-2023 01:53:10"}
{"level":"info","message":"Getting list of uploaded data","meta":{"trace":"uploadData.js"},"timestamp":"Nov-02-2023 01:53:17"}
{"level":"info","message":"Getting list of uploaded data","meta":{"trace":"uploadData.js"},"timestamp":"Nov-02-2023 01:53:19"}
{"level":"info","message":"Getting list of uploaded data","meta":{"trace":"uploadData.js"},"timestamp":"Nov-02-2023 01:56:01"}
{"level":"info","message":"Getting list of uploaded data","meta":{"trace":"uploadData.js"},"timestamp":"Nov-02-2023 01:58:41"}
{"level":"info","message":"Getting list of uploaded data","meta":{"trace":"uploadData.js"},"timestamp":"Nov-02-2023 01:58:45"}
{"level":"info","message":"Getting list of uploaded data","meta":{"trace":"uploadData.js"},"timestamp":"Nov-02-2023 01:58:53"}
{"level":"info","message":"Getting list of uploaded data","meta":{"trace":"uploadData.js"},"timestamp":"Nov-02-2023 01:59:08"}
{"level":"info","message":"Getting list of uploaded data","meta":{"trace":"uploadData.js"},"timestamp":"Nov-02-2023 02:00:47"}
{"level":"info","message":"Getting list of uploaded data","meta":{"trace":"uploadData.js"},"timestamp":"Nov-02-2023 02:00:55"}
{"level":"info","message":"Getting list of uploaded data","meta":{"trace":"uploadData.js"},"timestamp":"Nov-02-2023 02:01:45"}
{"level":"info","message":"Getting list of uploaded data","meta":{"trace":"uploadData.js"},"timestamp":"Nov-02-2023 02:02:48"}
{"level":"info","message":"Getting list of uploaded data","meta":{"trace":"uploadData.js"},"timestamp":"Nov-02-2023 02:03:15"}
{"level":"info","message":"Getting list of uploaded data","meta":{"trace":"uploadData.js"},"timestamp":"Nov-02-2023 02:05:21"}
{"level":"info","message":"Getting list of uploaded data","meta":{"trace":"uploadData.js"},"timestamp":"Nov-02-2023 02:09:42"}
{"level":"info","message":"Getting list of uploaded data","meta":{"trace":"uploadData.js"},"timestamp":"Nov-02-2023 02:15:12"}
{"level":"info","message":"Getting list of uploaded data","meta":{"trace":"uploadData.js"},"timestamp":"Nov-02-2023 02:15:35"}
{"level":"info","message":"Getting list of uploaded data","meta":{"trace":"uploadData.js"},"timestamp":"Nov-02-2023 02:15:51"}
{"level":"info","message":"Getting list of uploaded data","meta":{"trace":"uploadData.js"},"timestamp":"Nov-02-2023 02:16:23"}
{"level":"info","message":"Getting list of uploaded data","meta":{"trace":"uploadData.js"},"timestamp":"Nov-02-2023 02:17:26"}
{"level":"info","message":"Getting list of uploaded data","meta":{"trace":"uploadData.js"},"timestamp":"Nov-02-2023 02:17:43"}
{"level":"info","message":"Getting list of uploaded data","meta":{"trace":"uploadData.js"},"timestamp":"Nov-02-2023 02:18:51"}
{"level":"info","message":"Getting list of uploaded data","meta":{"trace":"uploadData.js"},"timestamp":"Nov-02-2023 02:19:18"}
{"level":"info","message":"Getting list of uploaded data","meta":{"trace":"uploadData.js"},"timestamp":"Nov-02-2023 02:19:32"}
{"level":"info","message":"Getting list of uploaded data","meta":{"trace":"uploadData.js"},"timestamp":"Nov-02-2023 02:20:06"}
{"level":"info","message":"Getting list of uploaded data","meta":{"trace":"uploadData.js"},"timestamp":"Nov-02-2023 02:21:13"}
{"level":"info","message":"Getting list of uploaded data","meta":{"trace":"uploadData.js"},"timestamp":"Nov-02-2023 02:21:22"}
{"level":"info","message":"Getting list of uploaded data","meta":{"trace":"uploadData.js"},"timestamp":"Nov-02-2023 02:22:01"}
{"level":"info","message":"Getting list of uploaded data","meta":{"trace":"uploadData.js"},"timestamp":"Nov-02-2023 02:26:01"}
{"level":"info","message":"Getting list of uploaded data","meta":{"trace":"uploadData.js"},"timestamp":"Nov-02-2023 02:32:30"}
{"level":"info","message":"Getting list of uploaded data","meta":{"trace":"uploadData.js"},"timestamp":"Nov-02-2023 02:32:45"}
{"level":"info","message":"Getting list of uploaded data","meta":{"trace":"uploadData.js"},"timestamp":"Nov-02-2023 02:34:27"}
{"level":"info","message":"Getting list of uploaded data","meta":{"trace":"uploadData.js"},"timestamp":"Nov-02-2023 02:37:28"}
{"level":"info","message":"Getting list of uploaded data","meta":{"trace":"uploadData.js"},"timestamp":"Nov-02-2023 02:39:45"}
{"level":"info","message":"Getting list of uploaded data","meta":{"trace":"uploadData.js"},"timestamp":"Nov-02-2023 02:43:20"}
{"level":"info","message":"Getting list of uploaded data","meta":{"trace":"uploadData.js"},"timestamp":"Nov-02-2023 02:47:11"}
{"level":"info","message":"Getting list of uploaded data","meta":{"trace":"uploadData.js"},"timestamp":"Nov-02-2023 02:49:47"}
{"level":"info","message":"Getting list of uploaded data","meta":{"trace":"uploadData.js"},"timestamp":"Nov-02-2023 02:50:55"}
{"level":"info","message":"Getting list of uploaded data","meta":{"trace":"uploadData.js"},"timestamp":"Nov-02-2023 02:51:21"}
{"level":"info","message":"Getting list of uploaded data","meta":{"trace":"uploadData.js"},"timestamp":"Nov-02-2023 02:51:31"}
{"level":"info","message":"Getting list of uploaded data","meta":{"trace":"uploadData.js"},"timestamp":"Nov-02-2023 02:51:53"}
{"level":"info","message":"Getting list of uploaded data","meta":{"trace":"uploadData.js"},"timestamp":"Nov-02-2023 02:52:02"}
{"level":"info","message":"Getting list of uploaded data","meta":{"trace":"uploadData.js"},"timestamp":"Nov-02-2023 02:52:07"}
{"level":"info","message":"Getting list of uploaded data","meta":{"trace":"uploadData.js"},"timestamp":"Nov-02-2023 02:52:18"}
{"level":"info","message":"Getting list of uploaded data","meta":{"trace":"uploadData.js"},"timestamp":"Nov-02-2023 02:52:28"}
{"level":"info","message":"Getting list of uploaded data","meta":{"trace":"uploadData.js"},"timestamp":"Nov-02-2023 02:58:06"}
{"level":"error","message":"(conn=-1, no: 45028, SQLState: HY000) retrieve connection from pool timeout after 10009ms\n    (pool connections: active=0 idle=0 limit=5)\n    connection error: Pool fails to create connection: (conn=-1, no: 45012, SQLState: 08S01) Connection timeout: failed to create socket after 1013ms","meta":{"err":{"code":"ER_GET_CONNECTION_TIMEOUT","errno":45028,"fatal":false,"name":"SqlError","sql":null,"sqlMessage":"retrieve connection from pool timeout after 10009ms\n    (pool connections: active=0 idle=0 limit=5)","sqlState":"HY000"},"trace":"user.js"},"timestamp":"Nov-02-2023 03:03:46"}
{"level":"error","message":"(conn=-1, no: 45028, SQLState: HY000) retrieve connection from pool timeout after 10015ms\n    (pool connections: active=0 idle=0 limit=5)\n    connection error: Pool fails to create connection: (conn=-1, no: 45012, SQLState: 08S01) Connection timeout: failed to create socket after 1016ms","meta":{"err":{"code":"ER_GET_CONNECTION_TIMEOUT","errno":45028,"fatal":false,"name":"SqlError","sql":null,"sqlMessage":"retrieve connection from pool timeout after 10015ms\n    (pool connections: active=0 idle=0 limit=5)","sqlState":"HY000"},"trace":"user.js"},"timestamp":"Nov-02-2023 03:06:16"}
{"level":"info","message":"Getting list of uploaded data","meta":{"trace":"uploadData.js"},"timestamp":"Nov-02-2023 03:06:55"}
{"level":"info","message":"Getting list of uploaded data","meta":{"trace":"uploadData.js"},"timestamp":"Nov-02-2023 03:07:40"}
{"level":"info","message":"Getting list of uploaded data","meta":{"trace":"uploadData.js"},"timestamp":"Nov-02-2023 03:07:45"}
{"level":"info","message":"Getting list of uploaded data","meta":{"trace":"uploadData.js"},"timestamp":"Nov-02-2023 03:07:58"}
{"level":"info","message":"Getting list of uploaded data","meta":{"trace":"uploadData.js"},"timestamp":"Nov-02-2023 03:08:20"}
{"level":"info","message":"Getting list of uploaded data","meta":{"trace":"uploadData.js"},"timestamp":"Nov-02-2023 03:08:46"}
{"level":"info","message":"Getting list of uploaded data","meta":{"trace":"uploadData.js"},"timestamp":"Nov-02-2023 03:08:50"}
{"level":"info","message":"Getting list of uploaded data","meta":{"trace":"uploadData.js"},"timestamp":"Nov-02-2023 03:09:14"}
{"level":"info","message":"Getting list of uploaded data","meta":{"trace":"uploadData.js"},"timestamp":"Nov-02-2023 03:09:16"}
{"level":"info","message":"Getting list of uploaded data","meta":{"trace":"uploadData.js"},"timestamp":"Nov-02-2023 03:12:39"}
{"level":"info","message":"Getting list of uploaded data","meta":{"trace":"uploadData.js"},"timestamp":"Nov-02-2023 03:12:43"}
{"level":"info","message":"Getting list of uploaded data","meta":{"trace":"uploadData.js"},"timestamp":"Nov-02-2023 03:14:47"}
{"level":"info","message":"Getting list of uploaded data","meta":{"trace":"uploadData.js"},"timestamp":"Nov-02-2023 03:15:07"}
{"level":"info","message":"Getting list of uploaded data","meta":{"trace":"uploadData.js"},"timestamp":"Nov-02-2023 03:15:19"}
{"level":"info","message":"Getting list of uploaded data","meta":{"trace":"uploadData.js"},"timestamp":"Nov-02-2023 03:16:00"}
{"level":"info","message":"Getting list of uploaded data","meta":{"trace":"uploadData.js"},"timestamp":"Nov-02-2023 03:18:28"}
{"level":"info","message":"Getting list of uploaded data","meta":{"trace":"uploadData.js"},"timestamp":"Nov-02-2023 03:20:21"}
{"level":"info","message":"Getting list of uploaded data","meta":{"trace":"uploadData.js"},"timestamp":"Nov-02-2023 03:22:40"}
{"level":"info","message":"Getting list of uploaded data","meta":{"trace":"uploadData.js"},"timestamp":"Nov-02-2023 03:22:42"}
{"level":"info","message":"Getting list of uploaded data","meta":{"trace":"uploadData.js"},"timestamp":"Nov-02-2023 03:22:42"}
{"level":"info","message":"Getting list of uploaded data","meta":{"trace":"uploadData.js"},"timestamp":"Nov-02-2023 03:22:43"}
{"level":"info","message":"Getting list of uploaded data","meta":{"trace":"uploadData.js"},"timestamp":"Nov-02-2023 03:22:43"}
{"level":"info","message":"Getting list of uploaded data","meta":{"trace":"uploadData.js"},"timestamp":"Nov-02-2023 03:22:44"}
{"level":"info","message":"Getting list of uploaded data","meta":{"trace":"uploadData.js"},"timestamp":"Nov-02-2023 03:22:45"}
{"level":"info","message":"Getting list of uploaded data","meta":{"trace":"uploadData.js"},"timestamp":"Nov-02-2023 03:22:46"}
{"level":"info","message":"Getting list of uploaded data","meta":{"trace":"uploadData.js"},"timestamp":"Nov-02-2023 03:22:46"}
{"level":"info","message":"Getting list of uploaded data","meta":{"trace":"uploadData.js"},"timestamp":"Nov-02-2023 03:22:47"}
{"level":"info","message":"Getting list of uploaded data","meta":{"trace":"uploadData.js"},"timestamp":"Nov-02-2023 03:22:47"}
{"level":"info","message":"Getting list of uploaded data","meta":{"trace":"uploadData.js"},"timestamp":"Nov-02-2023 03:22:48"}
{"level":"info","message":"Getting list of uploaded data","meta":{"trace":"uploadData.js"},"timestamp":"Nov-02-2023 03:22:54"}
{"level":"info","message":"Getting list of uploaded data","meta":{"trace":"uploadData.js"},"timestamp":"Nov-02-2023 03:22:55"}
{"level":"info","message":"Getting list of uploaded data","meta":{"trace":"uploadData.js"},"timestamp":"Nov-02-2023 03:22:55"}
{"level":"info","message":"Getting list of uploaded data","meta":{"trace":"uploadData.js"},"timestamp":"Nov-02-2023 03:22:56"}
{"level":"info","message":"Getting list of uploaded data","meta":{"trace":"uploadData.js"},"timestamp":"Nov-02-2023 03:23:45"}
{"level":"info","message":"Getting list of uploaded data","meta":{"trace":"uploadData.js"},"timestamp":"Nov-02-2023 03:23:47"}
{"level":"info","message":"Getting list of uploaded data","meta":{"trace":"uploadData.js"},"timestamp":"Nov-02-2023 03:23:49"}
{"level":"info","message":"Getting list of uploaded data","meta":{"trace":"uploadData.js"},"timestamp":"Nov-02-2023 03:23:50"}
{"level":"info","message":"Getting list of uploaded data","meta":{"trace":"uploadData.js"},"timestamp":"Nov-02-2023 03:23:51"}
{"level":"info","message":"Getting list of uploaded data","meta":{"trace":"uploadData.js"},"timestamp":"Nov-02-2023 03:23:51"}
{"level":"info","message":"Getting list of uploaded data","meta":{"trace":"uploadData.js"},"timestamp":"Nov-02-2023 03:24:29"}
{"level":"info","message":"Getting list of uploaded data","meta":{"trace":"uploadData.js"},"timestamp":"Nov-02-2023 03:24:30"}
{"level":"info","message":"Getting list of uploaded data","meta":{"trace":"uploadData.js"},"timestamp":"Nov-02-2023 03:24:42"}
{"level":"info","message":"Getting list of uploaded data","meta":{"trace":"uploadData.js"},"timestamp":"Nov-02-2023 03:24:53"}
{"level":"info","message":"Getting list of uploaded data","meta":{"trace":"uploadData.js"},"timestamp":"Nov-02-2023 03:24:59"}
{"level":"info","message":"Getting list of uploaded data","meta":{"trace":"uploadData.js"},"timestamp":"Nov-02-2023 03:25:40"}
{"level":"info","message":"Getting list of uploaded data","meta":{"trace":"uploadData.js"},"timestamp":"Nov-02-2023 03:25:42"}
{"level":"info","message":"Getting list of uploaded data","meta":{"trace":"uploadData.js"},"timestamp":"Nov-02-2023 03:25:43"}
{"level":"info","message":"Getting list of uploaded data","meta":{"trace":"uploadData.js"},"timestamp":"Nov-02-2023 03:25:45"}
{"level":"info","message":"Getting list of uploaded data","meta":{"trace":"uploadData.js"},"timestamp":"Nov-02-2023 03:25:46"}
{"level":"info","message":"Getting list of uploaded data","meta":{"trace":"uploadData.js"},"timestamp":"Nov-02-2023 03:25:52"}
{"level":"info","message":"Getting list of uploaded data","meta":{"trace":"uploadData.js"},"timestamp":"Nov-02-2023 03:25:58"}
{"level":"info","message":"Getting list of uploaded data","meta":{"trace":"uploadData.js"},"timestamp":"Nov-02-2023 03:25:59"}
{"level":"info","message":"Getting list of uploaded data","meta":{"trace":"uploadData.js"},"timestamp":"Nov-02-2023 03:27:10"}
{"level":"info","message":"Getting list of uploaded data","meta":{"trace":"uploadData.js"},"timestamp":"Nov-02-2023 03:33:06"}
{"level":"info","message":"Getting list of uploaded data","meta":{"trace":"uploadData.js"},"timestamp":"Nov-02-2023 03:33:16"}
{"level":"info","message":"Getting list of uploaded data","meta":{"trace":"uploadData.js"},"timestamp":"Nov-02-2023 03:33:17"}
{"level":"info","message":"Getting list of uploaded data","meta":{"trace":"uploadData.js"},"timestamp":"Nov-02-2023 03:33:19"}
{"level":"info","message":"Getting list of uploaded data","meta":{"trace":"uploadData.js"},"timestamp":"Nov-02-2023 03:33:20"}
{"level":"info","message":"Getting list of uploaded data","meta":{"trace":"uploadData.js"},"timestamp":"Nov-02-2023 03:33:44"}
{"level":"info","message":"Getting list of uploaded data","meta":{"trace":"uploadData.js"},"timestamp":"Nov-02-2023 03:34:46"}
{"level":"info","message":"Getting list of uploaded data","meta":{"trace":"uploadData.js"},"timestamp":"Nov-02-2023 03:34:57"}
{"level":"info","message":"Getting list of uploaded data","meta":{"trace":"uploadData.js"},"timestamp":"Nov-02-2023 03:36:57"}
{"level":"info","message":"Getting list of uploaded data","meta":{"trace":"uploadData.js"},"timestamp":"Nov-02-2023 03:37:27"}
{"level":"info","message":"Getting list of uploaded data","meta":{"trace":"uploadData.js"},"timestamp":"Nov-02-2023 03:38:13"}
{"level":"info","message":"Getting list of uploaded data","meta":{"trace":"uploadData.js"},"timestamp":"Nov-02-2023 03:38:15"}
{"level":"info","message":"Getting list of uploaded data","meta":{"trace":"uploadData.js"},"timestamp":"Nov-02-2023 03:38:33"}
{"level":"info","message":"Getting list of uploaded data","meta":{"trace":"uploadData.js"},"timestamp":"Nov-02-2023 03:38:44"}
{"level":"info","message":"Getting list of uploaded data","meta":{"trace":"uploadData.js"},"timestamp":"Nov-02-2023 03:39:41"}
{"level":"info","message":"Getting list of uploaded data","meta":{"trace":"uploadData.js"},"timestamp":"Nov-02-2023 03:39:43"}
{"level":"info","message":"Getting list of uploaded data","meta":{"trace":"uploadData.js"},"timestamp":"Nov-02-2023 03:39:48"}
{"level":"info","message":"Getting list of uploaded data","meta":{"trace":"uploadData.js"},"timestamp":"Nov-02-2023 03:39:49"}
{"level":"info","message":"Getting list of uploaded data","meta":{"trace":"uploadData.js"},"timestamp":"Nov-02-2023 03:39:49"}
{"level":"info","message":"Getting list of uploaded data","meta":{"trace":"uploadData.js"},"timestamp":"Nov-02-2023 03:39:50"}
{"level":"info","message":"Getting list of uploaded data","meta":{"trace":"uploadData.js"},"timestamp":"Nov-02-2023 03:42:01"}
{"level":"info","message":"Getting list of uploaded data","meta":{"trace":"uploadData.js"},"timestamp":"Nov-02-2023 03:42:27"}
{"level":"info","message":"Getting list of uploaded data","meta":{"trace":"uploadData.js"},"timestamp":"Nov-02-2023 03:42:45"}
{"level":"info","message":"Getting list of uploaded data","meta":{"trace":"uploadData.js"},"timestamp":"Nov-02-2023 03:44:34"}
{"level":"info","message":"Getting list of uploaded data","meta":{"trace":"uploadData.js"},"timestamp":"Nov-02-2023 03:45:13"}
{"level":"info","message":"Getting list of uploaded data","meta":{"trace":"uploadData.js"},"timestamp":"Nov-02-2023 03:45:14"}
{"level":"info","message":"Getting list of uploaded data","meta":{"trace":"uploadData.js"},"timestamp":"Nov-02-2023 03:45:16"}
{"level":"info","message":"Getting list of uploaded data","meta":{"trace":"uploadData.js"},"timestamp":"Nov-02-2023 03:45:30"}
{"level":"info","message":"Getting list of uploaded data","meta":{"trace":"uploadData.js"},"timestamp":"Nov-02-2023 17:03:01"}
{"level":"info","message":"Getting list of uploaded data","meta":{"trace":"uploadData.js"},"timestamp":"Nov-02-2023 17:03:04"}
{"level":"info","message":"Getting list of uploaded data","meta":{"trace":"uploadData.js"},"timestamp":"Nov-02-2023 17:03:27"}
{"level":"info","message":"Getting list of uploaded data","meta":{"trace":"uploadData.js"},"timestamp":"Nov-02-2023 17:03:41"}
{"level":"info","message":"Getting list of uploaded data","meta":{"trace":"uploadData.js"},"timestamp":"Nov-02-2023 17:04:40"}
{"level":"info","message":"Getting list of uploaded data","meta":{"trace":"uploadData.js"},"timestamp":"Nov-02-2023 17:04:41"}
{"level":"info","message":"Getting list of uploaded data","meta":{"trace":"uploadData.js"},"timestamp":"Nov-02-2023 17:04:42"}
{"level":"info","message":"Getting list of uploaded data","meta":{"trace":"uploadData.js"},"timestamp":"Nov-02-2023 17:04:43"}
{"level":"info","message":"Getting list of uploaded data","meta":{"trace":"uploadData.js"},"timestamp":"Nov-02-2023 17:04:43"}
{"level":"info","message":"Getting list of uploaded data","meta":{"trace":"uploadData.js"},"timestamp":"Nov-02-2023 17:04:44"}
{"level":"info","message":"Getting list of uploaded data","meta":{"trace":"uploadData.js"},"timestamp":"Nov-02-2023 17:04:44"}
{"level":"info","message":"Getting list of uploaded data","meta":{"trace":"uploadData.js"},"timestamp":"Nov-02-2023 17:04:45"}
{"level":"info","message":"Getting list of uploaded data","meta":{"trace":"uploadData.js"},"timestamp":"Nov-02-2023 17:04:46"}
{"level":"info","message":"Getting list of uploaded data","meta":{"trace":"uploadData.js"},"timestamp":"Nov-02-2023 17:09:28"}
{"level":"info","message":"Getting list of uploaded data","meta":{"trace":"uploadData.js"},"timestamp":"Nov-02-2023 17:15:26"}
{"level":"info","message":"Getting list of uploaded data","meta":{"trace":"uploadData.js"},"timestamp":"Nov-02-2023 17:15:27"}
{"level":"info","message":"Getting list of uploaded data","meta":{"trace":"uploadData.js"},"timestamp":"Nov-03-2023 02:20:11"}
{"level":"info","message":"Getting list of uploaded data","meta":{"trace":"uploadData.js"},"timestamp":"Nov-03-2023 02:21:10"}
{"level":"info","message":"Getting list of uploaded data","meta":{"trace":"uploadData.js"},"timestamp":"Nov-03-2023 02:21:46"}
{"level":"info","message":"Getting list of uploaded data","meta":{"trace":"uploadData.js"},"timestamp":"Nov-03-2023 02:22:08"}
{"level":"info","message":"Getting list of uploaded data","meta":{"trace":"uploadData.js"},"timestamp":"Nov-03-2023 02:22:12"}
{"level":"info","message":"Getting list of uploaded data","meta":{"trace":"uploadData.js"},"timestamp":"Nov-03-2023 02:23:13"}
{"level":"info","message":"Getting list of uploaded data","meta":{"trace":"uploadData.js"},"timestamp":"Nov-03-2023 02:23:15"}
{"level":"info","message":"Getting list of uploaded data","meta":{"trace":"uploadData.js"},"timestamp":"Nov-03-2023 02:23:16"}
{"level":"info","message":"Getting list of uploaded data","meta":{"trace":"uploadData.js"},"timestamp":"Nov-03-2023 02:26:26"}
{"level":"info","message":"Getting list of uploaded data","meta":{"trace":"uploadData.js"},"timestamp":"Nov-03-2023 02:26:35"}
{"level":"info","message":"Getting list of uploaded data","meta":{"trace":"uploadData.js"},"timestamp":"Nov-03-2023 02:26:43"}
{"level":"info","message":"Getting list of uploaded data","meta":{"trace":"uploadData.js"},"timestamp":"Nov-03-2023 02:26:54"}
{"level":"info","message":"Getting list of uploaded data","meta":{"trace":"uploadData.js"},"timestamp":"Nov-03-2023 02:27:10"}
{"level":"info","message":"Getting list of uploaded data","meta":{"trace":"uploadData.js"},"timestamp":"Nov-03-2023 02:27:16"}
{"level":"info","message":"Getting list of uploaded data","meta":{"trace":"uploadData.js"},"timestamp":"Nov-03-2023 02:27:27"}
{"level":"info","message":"Getting list of uploaded data","meta":{"trace":"uploadData.js"},"timestamp":"Nov-03-2023 02:27:41"}
{"level":"info","message":"Getting list of uploaded data","meta":{"trace":"uploadData.js"},"timestamp":"Nov-03-2023 02:27:48"}
{"level":"info","message":"Getting list of uploaded data","meta":{"trace":"uploadData.js"},"timestamp":"Nov-03-2023 02:27:55"}
{"level":"info","message":"Getting list of uploaded data","meta":{"trace":"uploadData.js"},"timestamp":"Nov-03-2023 02:27:58"}
{"level":"info","message":"Getting list of uploaded data","meta":{"trace":"uploadData.js"},"timestamp":"Nov-03-2023 02:28:08"}
{"level":"info","message":"Getting list of uploaded data","meta":{"trace":"uploadData.js"},"timestamp":"Nov-03-2023 02:28:12"}
{"level":"info","message":"Getting list of uploaded data","meta":{"trace":"uploadData.js"},"timestamp":"Nov-03-2023 02:29:05"}
{"level":"info","message":"Getting list of uploaded data","meta":{"trace":"uploadData.js"},"timestamp":"Nov-03-2023 02:30:00"}
{"level":"info","message":"Getting list of uploaded data","meta":{"trace":"uploadData.js"},"timestamp":"Nov-03-2023 02:30:17"}
{"level":"info","message":"Getting list of uploaded data","meta":{"trace":"uploadData.js"},"timestamp":"Nov-03-2023 02:30:38"}
{"level":"info","message":"Getting list of uploaded data","meta":{"trace":"uploadData.js"},"timestamp":"Nov-03-2023 02:30:41"}
{"level":"info","message":"Getting list of uploaded data","meta":{"trace":"uploadData.js"},"timestamp":"Nov-03-2023 02:31:12"}
{"level":"info","message":"Getting list of uploaded data","meta":{"trace":"uploadData.js"},"timestamp":"Nov-03-2023 02:31:38"}
{"level":"info","message":"Getting list of uploaded data","meta":{"trace":"uploadData.js"},"timestamp":"Nov-03-2023 02:31:42"}
{"level":"info","message":"Getting list of uploaded data","meta":{"trace":"uploadData.js"},"timestamp":"Nov-03-2023 02:31:56"}
{"level":"info","message":"Getting list of uploaded data","meta":{"trace":"uploadData.js"},"timestamp":"Nov-03-2023 02:33:14"}
{"level":"info","message":"Getting list of uploaded data","meta":{"trace":"uploadData.js"},"timestamp":"Nov-03-2023 02:33:26"}
{"level":"info","message":"Getting list of uploaded data","meta":{"trace":"uploadData.js"},"timestamp":"Nov-03-2023 02:33:39"}
{"level":"info","message":"Getting list of uploaded data","meta":{"trace":"uploadData.js"},"timestamp":"Nov-03-2023 02:33:44"}
{"level":"info","message":"Getting list of uploaded data","meta":{"trace":"uploadData.js"},"timestamp":"Nov-03-2023 02:34:40"}
{"level":"info","message":"Getting list of uploaded data","meta":{"trace":"uploadData.js"},"timestamp":"Nov-03-2023 02:34:48"}
{"level":"info","message":"Getting list of uploaded data","meta":{"trace":"uploadData.js"},"timestamp":"Nov-03-2023 02:35:09"}
{"level":"info","message":"Getting list of uploaded data","meta":{"trace":"uploadData.js"},"timestamp":"Nov-03-2023 02:35:25"}
{"level":"info","message":"Getting list of uploaded data","meta":{"trace":"uploadData.js"},"timestamp":"Nov-03-2023 02:35:59"}
{"level":"info","message":"Getting list of uploaded data","meta":{"trace":"uploadData.js"},"timestamp":"Nov-03-2023 02:36:06"}
{"level":"info","message":"Getting list of uploaded data","meta":{"trace":"uploadData.js"},"timestamp":"Nov-03-2023 02:36:11"}
{"level":"info","message":"Getting list of uploaded data","meta":{"trace":"uploadData.js"},"timestamp":"Nov-03-2023 02:37:47"}
{"level":"info","message":"Getting list of uploaded data","meta":{"trace":"uploadData.js"},"timestamp":"Nov-03-2023 02:38:27"}
{"level":"info","message":"Getting list of uploaded data","meta":{"trace":"uploadData.js"},"timestamp":"Nov-03-2023 02:38:43"}
{"level":"info","message":"Getting list of uploaded data","meta":{"trace":"uploadData.js"},"timestamp":"Nov-03-2023 02:40:05"}
{"level":"info","message":"Getting list of uploaded data","meta":{"trace":"uploadData.js"},"timestamp":"Nov-03-2023 02:44:01"}
{"level":"info","message":"Getting list of uploaded data","meta":{"trace":"uploadData.js"},"timestamp":"Nov-03-2023 02:45:23"}
{"level":"info","message":"Getting list of uploaded data","meta":{"trace":"uploadData.js"},"timestamp":"Nov-03-2023 02:45:30"}
{"level":"info","message":"Getting list of uploaded data","meta":{"trace":"uploadData.js"},"timestamp":"Nov-03-2023 02:45:33"}
{"level":"info","message":"Getting list of uploaded data","meta":{"trace":"uploadData.js"},"timestamp":"Nov-03-2023 02:45:36"}
{"level":"info","message":"Getting list of uploaded data","meta":{"trace":"uploadData.js"},"timestamp":"Nov-03-2023 02:46:10"}
{"level":"info","message":"Getting list of uploaded data","meta":{"trace":"uploadData.js"},"timestamp":"Nov-03-2023 02:46:55"}
{"level":"info","message":"Getting list of uploaded data","meta":{"trace":"uploadData.js"},"timestamp":"Nov-03-2023 02:47:03"}
{"level":"info","message":"Getting list of uploaded data","meta":{"trace":"uploadData.js"},"timestamp":"Nov-03-2023 02:47:15"}
{"level":"info","message":"Getting list of uploaded data","meta":{"trace":"uploadData.js"},"timestamp":"Nov-03-2023 02:47:25"}
{"level":"info","message":"Getting list of uploaded data","meta":{"trace":"uploadData.js"},"timestamp":"Nov-03-2023 02:47:35"}
{"level":"info","message":"Getting list of uploaded data","meta":{"trace":"uploadData.js"},"timestamp":"Nov-03-2023 02:48:12"}
{"level":"info","message":"Getting list of uploaded data","meta":{"trace":"uploadData.js"},"timestamp":"Nov-03-2023 02:48:17"}
{"level":"info","message":"Getting list of uploaded data","meta":{"trace":"uploadData.js"},"timestamp":"Nov-03-2023 02:49:01"}
{"level":"info","message":"Getting list of uploaded data","meta":{"trace":"uploadData.js"},"timestamp":"Nov-03-2023 02:49:31"}
{"level":"info","message":"Getting list of uploaded data","meta":{"trace":"uploadData.js"},"timestamp":"Nov-03-2023 02:49:42"}
{"level":"info","message":"Getting list of uploaded data","meta":{"trace":"uploadData.js"},"timestamp":"Nov-03-2023 02:50:18"}
{"level":"info","message":"Getting list of uploaded data","meta":{"trace":"uploadData.js"},"timestamp":"Nov-03-2023 02:50:25"}
{"level":"info","message":"Getting list of uploaded data","meta":{"trace":"uploadData.js"},"timestamp":"Nov-03-2023 02:51:48"}
{"level":"info","message":"Getting list of uploaded data","meta":{"trace":"uploadData.js"},"timestamp":"Nov-03-2023 02:52:56"}
{"level":"info","message":"Getting list of uploaded data","meta":{"trace":"uploadData.js"},"timestamp":"Nov-03-2023 02:53:09"}
{"level":"info","message":"Getting list of uploaded data","meta":{"trace":"uploadData.js"},"timestamp":"Nov-03-2023 02:53:27"}
{"level":"info","message":"Getting list of uploaded data","meta":{"trace":"uploadData.js"},"timestamp":"Nov-03-2023 02:53:31"}
{"level":"info","message":"Getting list of uploaded data","meta":{"trace":"uploadData.js"},"timestamp":"Nov-03-2023 03:03:39"}
{"level":"info","message":"Getting list of uploaded data","meta":{"trace":"uploadData.js"},"timestamp":"Nov-03-2023 03:03:43"}
{"level":"info","message":"Getting list of uploaded data","meta":{"trace":"uploadData.js"},"timestamp":"Nov-03-2023 03:04:11"}
{"level":"info","message":"Getting list of uploaded data","meta":{"trace":"uploadData.js"},"timestamp":"Nov-03-2023 03:04:17"}
{"level":"info","message":"Getting list of uploaded data","meta":{"trace":"uploadData.js"},"timestamp":"Nov-03-2023 03:04:57"}
{"level":"info","message":"Getting list of uploaded data","meta":{"trace":"uploadData.js"},"timestamp":"Nov-03-2023 03:05:00"}
{"level":"info","message":"Getting list of uploaded data","meta":{"trace":"uploadData.js"},"timestamp":"Nov-03-2023 03:05:45"}
{"level":"info","message":"Getting list of uploaded data","meta":{"trace":"uploadData.js"},"timestamp":"Nov-03-2023 03:06:21"}
{"level":"info","message":"Getting list of uploaded data","meta":{"trace":"uploadData.js"},"timestamp":"Nov-03-2023 03:06:49"}
{"level":"info","message":"Getting list of uploaded data","meta":{"trace":"uploadData.js"},"timestamp":"Nov-03-2023 03:06:56"}
{"level":"info","message":"Getting list of uploaded data","meta":{"trace":"uploadData.js"},"timestamp":"Nov-03-2023 03:08:37"}
{"level":"info","message":"Getting list of uploaded data","meta":{"trace":"uploadData.js"},"timestamp":"Nov-03-2023 03:08:41"}
{"level":"info","message":"Getting list of uploaded data","meta":{"trace":"uploadData.js"},"timestamp":"Nov-03-2023 03:08:53"}
{"level":"info","message":"Getting list of uploaded data","meta":{"trace":"uploadData.js"},"timestamp":"Nov-03-2023 03:09:14"}
{"level":"info","message":"Getting list of uploaded data","meta":{"trace":"uploadData.js"},"timestamp":"Nov-03-2023 03:09:25"}
{"level":"info","message":"Getting list of uploaded data","meta":{"trace":"uploadData.js"},"timestamp":"Nov-03-2023 03:09:56"}
{"level":"info","message":"Getting list of uploaded data","meta":{"trace":"uploadData.js"},"timestamp":"Nov-03-2023 03:10:05"}
{"level":"info","message":"Getting list of uploaded data","meta":{"trace":"uploadData.js"},"timestamp":"Nov-03-2023 03:11:39"}
{"level":"info","message":"Getting list of uploaded data","meta":{"trace":"uploadData.js"},"timestamp":"Nov-03-2023 03:12:11"}
{"level":"info","message":"Getting list of uploaded data","meta":{"trace":"uploadData.js"},"timestamp":"Nov-03-2023 03:12:20"}
{"level":"info","message":"Getting list of uploaded data","meta":{"trace":"uploadData.js"},"timestamp":"Nov-03-2023 03:12:53"}
{"level":"info","message":"Getting list of uploaded data","meta":{"trace":"uploadData.js"},"timestamp":"Nov-03-2023 03:13:17"}
{"level":"info","message":"Getting list of uploaded data","meta":{"trace":"uploadData.js"},"timestamp":"Nov-03-2023 03:14:05"}
{"level":"info","message":"Getting list of uploaded data","meta":{"trace":"uploadData.js"},"timestamp":"Nov-03-2023 03:17:26"}
{"level":"info","message":"Getting list of uploaded data","meta":{"trace":"uploadData.js"},"timestamp":"Nov-03-2023 03:19:01"}
{"level":"info","message":"Getting list of uploaded data","meta":{"trace":"uploadData.js"},"timestamp":"Nov-03-2023 03:19:12"}
{"level":"info","message":"Getting list of uploaded data","meta":{"trace":"uploadData.js"},"timestamp":"Nov-03-2023 03:20:23"}
{"level":"info","message":"Getting list of uploaded data","meta":{"trace":"uploadData.js"},"timestamp":"Nov-03-2023 03:21:01"}
{"level":"info","message":"Getting list of uploaded data","meta":{"trace":"uploadData.js"},"timestamp":"Nov-03-2023 03:21:31"}
{"level":"info","message":"Getting list of uploaded data","meta":{"trace":"uploadData.js"},"timestamp":"Nov-03-2023 03:21:37"}
{"level":"info","message":"Getting list of uploaded data","meta":{"trace":"uploadData.js"},"timestamp":"Nov-03-2023 03:21:56"}
{"level":"info","message":"Getting list of uploaded data","meta":{"trace":"uploadData.js"},"timestamp":"Nov-03-2023 03:21:59"}
{"level":"info","message":"Getting list of uploaded data","meta":{"trace":"uploadData.js"},"timestamp":"Nov-03-2023 03:22:10"}
{"level":"info","message":"Getting list of uploaded data","meta":{"trace":"uploadData.js"},"timestamp":"Nov-03-2023 03:22:15"}
{"level":"info","message":"Getting list of uploaded data","meta":{"trace":"uploadData.js"},"timestamp":"Nov-03-2023 03:23:12"}
{"level":"info","message":"Getting list of uploaded data","meta":{"trace":"uploadData.js"},"timestamp":"Nov-03-2023 03:23:30"}
{"level":"info","message":"Getting list of uploaded data","meta":{"trace":"uploadData.js"},"timestamp":"Nov-03-2023 03:23:34"}
{"level":"info","message":"Getting list of uploaded data","meta":{"trace":"uploadData.js"},"timestamp":"Nov-03-2023 03:23:35"}
{"level":"info","message":"Getting list of uploaded data","meta":{"trace":"uploadData.js"},"timestamp":"Nov-03-2023 03:23:59"}
{"level":"info","message":"Getting list of uploaded data","meta":{"trace":"uploadData.js"},"timestamp":"Nov-03-2023 03:24:25"}
{"level":"info","message":"Getting list of uploaded data","meta":{"trace":"uploadData.js"},"timestamp":"Nov-03-2023 03:24:39"}
{"level":"info","message":"Getting list of uploaded data","meta":{"trace":"uploadData.js"},"timestamp":"Nov-03-2023 03:24:44"}
{"level":"info","message":"Getting list of uploaded data","meta":{"trace":"uploadData.js"},"timestamp":"Nov-03-2023 03:24:50"}
{"level":"info","message":"Getting list of uploaded data","meta":{"trace":"uploadData.js"},"timestamp":"Nov-03-2023 03:24:56"}
{"level":"info","message":"Getting list of uploaded data","meta":{"trace":"uploadData.js"},"timestamp":"Nov-03-2023 03:25:10"}
{"level":"info","message":"Getting list of uploaded data","meta":{"trace":"uploadData.js"},"timestamp":"Nov-03-2023 03:25:22"}
{"level":"info","message":"Getting list of uploaded data","meta":{"trace":"uploadData.js"},"timestamp":"Nov-03-2023 03:25:28"}
{"level":"info","message":"Getting list of uploaded data","meta":{"trace":"uploadData.js"},"timestamp":"Nov-03-2023 03:25:42"}
{"level":"info","message":"Getting list of uploaded data","meta":{"trace":"uploadData.js"},"timestamp":"Nov-03-2023 03:25:54"}
{"level":"info","message":"Getting list of uploaded data","meta":{"trace":"uploadData.js"},"timestamp":"Nov-03-2023 03:26:13"}
{"level":"info","message":"Getting list of uploaded data","meta":{"trace":"uploadData.js"},"timestamp":"Nov-03-2023 03:26:45"}
{"level":"info","message":"Getting list of uploaded data","meta":{"trace":"uploadData.js"},"timestamp":"Nov-03-2023 03:26:51"}
{"level":"info","message":"Getting list of uploaded data","meta":{"trace":"uploadData.js"},"timestamp":"Nov-03-2023 03:27:09"}
{"level":"info","message":"Getting list of uploaded data","meta":{"trace":"uploadData.js"},"timestamp":"Nov-03-2023 03:27:22"}
{"level":"info","message":"Getting list of uploaded data","meta":{"trace":"uploadData.js"},"timestamp":"Nov-03-2023 03:28:52"}
{"level":"info","message":"Getting list of uploaded data","meta":{"trace":"uploadData.js"},"timestamp":"Nov-03-2023 03:29:24"}
{"level":"info","message":"Getting list of uploaded data","meta":{"trace":"uploadData.js"},"timestamp":"Nov-03-2023 03:29:45"}
{"level":"info","message":"Getting list of uploaded data","meta":{"trace":"uploadData.js"},"timestamp":"Nov-03-2023 03:29:53"}
{"level":"info","message":"Getting list of uploaded data","meta":{"trace":"uploadData.js"},"timestamp":"Nov-03-2023 03:30:04"}
{"level":"info","message":"Getting list of uploaded data","meta":{"trace":"uploadData.js"},"timestamp":"Nov-03-2023 03:30:12"}
{"level":"info","message":"Getting list of uploaded data","meta":{"trace":"uploadData.js"},"timestamp":"Nov-03-2023 03:30:19"}
{"level":"info","message":"Getting list of uploaded data","meta":{"trace":"uploadData.js"},"timestamp":"Nov-03-2023 03:30:26"}
{"level":"info","message":"Getting list of uploaded data","meta":{"trace":"uploadData.js"},"timestamp":"Nov-08-2023 01:49:41"}
{"level":"info","message":"Getting list of uploaded data","meta":{"trace":"uploadData.js"},"timestamp":"Nov-08-2023 01:50:27"}
{"level":"info","message":"Getting list of uploaded data","meta":{"trace":"uploadData.js"},"timestamp":"Nov-08-2023 01:52:01"}
{"level":"info","message":"Getting list of uploaded data","meta":{"trace":"uploadData.js"},"timestamp":"Nov-08-2023 01:52:30"}
{"level":"info","message":"Getting list of uploaded data","meta":{"trace":"uploadData.js"},"timestamp":"Nov-08-2023 01:52:49"}
{"level":"info","message":"Getting list of uploaded data","meta":{"trace":"uploadData.js"},"timestamp":"Nov-08-2023 01:52:49"}
{"level":"info","message":"Getting list of uploaded data","meta":{"trace":"uploadData.js"},"timestamp":"Nov-08-2023 01:52:50"}
{"level":"info","message":"Getting list of uploaded data","meta":{"trace":"uploadData.js"},"timestamp":"Nov-08-2023 01:52:51"}
{"level":"info","message":"Getting list of uploaded data","meta":{"trace":"uploadData.js"},"timestamp":"Nov-08-2023 01:52:51"}
{"level":"info","message":"Getting list of uploaded data","meta":{"trace":"uploadData.js"},"timestamp":"Nov-08-2023 01:52:52"}
{"level":"info","message":"Getting list of uploaded data","meta":{"trace":"uploadData.js"},"timestamp":"Nov-08-2023 01:53:17"}
{"level":"info","message":"Getting list of uploaded data","meta":{"trace":"uploadData.js"},"timestamp":"Nov-08-2023 01:53:19"}
{"level":"info","message":"Getting list of uploaded data","meta":{"trace":"uploadData.js"},"timestamp":"Nov-08-2023 01:53:47"}
{"level":"info","message":"Getting list of uploaded data","meta":{"trace":"uploadData.js"},"timestamp":"Nov-08-2023 01:54:03"}
{"level":"info","message":"Getting list of uploaded data","meta":{"trace":"uploadData.js"},"timestamp":"Nov-08-2023 01:54:48"}
{"level":"info","message":"Getting list of uploaded data","meta":{"trace":"uploadData.js"},"timestamp":"Nov-08-2023 01:56:01"}
{"level":"info","message":"Getting list of uploaded data","meta":{"trace":"uploadData.js"},"timestamp":"Nov-08-2023 01:56:23"}
{"level":"info","message":"Getting list of uploaded data","meta":{"trace":"uploadData.js"},"timestamp":"Nov-08-2023 01:56:25"}
{"level":"info","message":"Getting list of uploaded data","meta":{"trace":"uploadData.js"},"timestamp":"Nov-08-2023 01:57:58"}
{"level":"info","message":"Getting list of uploaded data","meta":{"trace":"uploadData.js"},"timestamp":"Nov-08-2023 01:58:12"}
{"level":"info","message":"Getting list of uploaded data","meta":{"trace":"uploadData.js"},"timestamp":"Nov-08-2023 01:58:52"}
{"level":"info","message":"Getting list of uploaded data","meta":{"trace":"uploadData.js"},"timestamp":"Nov-08-2023 01:59:03"}
{"level":"info","message":"Getting list of uploaded data","meta":{"trace":"uploadData.js"},"timestamp":"Nov-08-2023 02:00:15"}
{"level":"info","message":"Getting list of uploaded data","meta":{"trace":"uploadData.js"},"timestamp":"Nov-08-2023 02:00:20"}
{"level":"info","message":"Getting list of uploaded data","meta":{"trace":"uploadData.js"},"timestamp":"Nov-08-2023 02:01:01"}
{"level":"info","message":"Getting list of uploaded data","meta":{"trace":"uploadData.js"},"timestamp":"Nov-08-2023 02:03:32"}
{"level":"info","message":"Getting list of uploaded data","meta":{"trace":"uploadData.js"},"timestamp":"Nov-08-2023 02:03:49"}
{"level":"info","message":"Getting list of uploaded data","meta":{"trace":"uploadData.js"},"timestamp":"Nov-08-2023 02:04:47"}
{"level":"info","message":"Getting list of uploaded data","meta":{"trace":"uploadData.js"},"timestamp":"Nov-08-2023 02:04:52"}
{"level":"info","message":"Getting list of uploaded data","meta":{"trace":"uploadData.js"},"timestamp":"Nov-08-2023 02:07:24"}
{"level":"info","message":"Getting list of uploaded data","meta":{"trace":"uploadData.js"},"timestamp":"Nov-08-2023 02:07:36"}
{"level":"info","message":"Getting list of uploaded data","meta":{"trace":"uploadData.js"},"timestamp":"Nov-08-2023 02:08:11"}
{"level":"info","message":"Getting list of uploaded data","meta":{"trace":"uploadData.js"},"timestamp":"Nov-08-2023 02:08:26"}
{"level":"info","message":"Getting list of uploaded data","meta":{"trace":"uploadData.js"},"timestamp":"Nov-08-2023 02:08:38"}
{"level":"info","message":"Getting list of uploaded data","meta":{"trace":"uploadData.js"},"timestamp":"Nov-08-2023 02:08:55"}
{"level":"info","message":"Getting list of uploaded data","meta":{"trace":"uploadData.js"},"timestamp":"Nov-08-2023 02:10:41"}
{"level":"info","message":"Getting list of uploaded data","meta":{"trace":"uploadData.js"},"timestamp":"Nov-08-2023 02:11:15"}
{"level":"info","message":"Getting list of uploaded data","meta":{"trace":"uploadData.js"},"timestamp":"Nov-08-2023 02:11:56"}
{"level":"info","message":"Getting list of uploaded data","meta":{"trace":"uploadData.js"},"timestamp":"Nov-08-2023 02:12:05"}
{"level":"info","message":"Getting list of uploaded data","meta":{"trace":"uploadData.js"},"timestamp":"Nov-08-2023 02:12:24"}
{"level":"info","message":"Getting list of uploaded data","meta":{"trace":"uploadData.js"},"timestamp":"Nov-08-2023 02:12:31"}
{"level":"info","message":"Getting list of uploaded data","meta":{"trace":"uploadData.js"},"timestamp":"Nov-08-2023 02:12:39"}
{"level":"info","message":"Getting list of uploaded data","meta":{"trace":"uploadData.js"},"timestamp":"Nov-08-2023 02:12:56"}
{"level":"info","message":"Getting list of uploaded data","meta":{"trace":"uploadData.js"},"timestamp":"Nov-08-2023 02:13:21"}
{"level":"info","message":"Getting list of uploaded data","meta":{"trace":"uploadData.js"},"timestamp":"Nov-08-2023 02:13:48"}
{"level":"info","message":"Getting list of uploaded data","meta":{"trace":"uploadData.js"},"timestamp":"Nov-08-2023 02:14:36"}
{"level":"info","message":"Getting list of uploaded data","meta":{"trace":"uploadData.js"},"timestamp":"Nov-08-2023 02:15:57"}
{"level":"info","message":"Getting list of uploaded data","meta":{"trace":"uploadData.js"},"timestamp":"Nov-08-2023 02:16:22"}
{"level":"info","message":"Getting list of uploaded data","meta":{"trace":"uploadData.js"},"timestamp":"Nov-08-2023 02:16:54"}
{"level":"info","message":"Getting list of uploaded data","meta":{"trace":"uploadData.js"},"timestamp":"Nov-08-2023 02:17:13"}
{"level":"info","message":"Getting list of uploaded data","meta":{"trace":"uploadData.js"},"timestamp":"Nov-08-2023 02:18:04"}
{"level":"info","message":"Getting list of uploaded data","meta":{"trace":"uploadData.js"},"timestamp":"Nov-08-2023 02:18:14"}
{"level":"info","message":"Getting list of uploaded data","meta":{"trace":"uploadData.js"},"timestamp":"Nov-08-2023 02:19:27"}
{"level":"info","message":"Getting list of uploaded data","meta":{"trace":"uploadData.js"},"timestamp":"Nov-08-2023 02:19:32"}
{"level":"info","message":"Getting list of uploaded data","meta":{"trace":"uploadData.js"},"timestamp":"Nov-08-2023 02:19:33"}
{"level":"info","message":"Getting list of uploaded data","meta":{"trace":"uploadData.js"},"timestamp":"Nov-08-2023 02:20:17"}
{"level":"info","message":"Getting list of uploaded data","meta":{"trace":"uploadData.js"},"timestamp":"Nov-08-2023 02:20:30"}
{"level":"info","message":"Getting list of uploaded data","meta":{"trace":"uploadData.js"},"timestamp":"Nov-08-2023 02:21:06"}
{"level":"info","message":"Getting list of uploaded data","meta":{"trace":"uploadData.js"},"timestamp":"Nov-08-2023 02:21:09"}
{"level":"info","message":"Getting list of uploaded data","meta":{"trace":"uploadData.js"},"timestamp":"Nov-08-2023 02:21:56"}
{"level":"info","message":"Getting list of uploaded data","meta":{"trace":"uploadData.js"},"timestamp":"Nov-08-2023 02:22:12"}
{"level":"info","message":"Getting list of uploaded data","meta":{"trace":"uploadData.js"},"timestamp":"Nov-08-2023 02:22:24"}
{"level":"info","message":"Getting list of uploaded data","meta":{"trace":"uploadData.js"},"timestamp":"Nov-08-2023 02:22:29"}
{"level":"info","message":"Getting list of uploaded data","meta":{"trace":"uploadData.js"},"timestamp":"Nov-08-2023 02:23:03"}
{"level":"info","message":"Getting list of uploaded data","meta":{"trace":"uploadData.js"},"timestamp":"Nov-08-2023 02:23:12"}
{"level":"info","message":"Getting list of uploaded data","meta":{"trace":"uploadData.js"},"timestamp":"Nov-08-2023 02:23:48"}
{"level":"info","message":"Getting list of uploaded data","meta":{"trace":"uploadData.js"},"timestamp":"Nov-08-2023 02:23:50"}
{"level":"info","message":"Getting list of uploaded data","meta":{"trace":"uploadData.js"},"timestamp":"Nov-08-2023 02:24:28"}
{"level":"info","message":"Getting list of uploaded data","meta":{"trace":"uploadData.js"},"timestamp":"Nov-08-2023 02:26:36"}
{"level":"info","message":"Getting list of uploaded data","meta":{"trace":"uploadData.js"},"timestamp":"Nov-08-2023 02:26:59"}
{"level":"info","message":"Getting list of uploaded data","meta":{"trace":"uploadData.js"},"timestamp":"Nov-08-2023 02:27:06"}
{"level":"info","message":"Getting list of uploaded data","meta":{"trace":"uploadData.js"},"timestamp":"Nov-08-2023 02:27:13"}
{"level":"info","message":"Getting list of uploaded data","meta":{"trace":"uploadData.js"},"timestamp":"Nov-08-2023 02:27:34"}
{"level":"info","message":"Getting list of uploaded data","meta":{"trace":"uploadData.js"},"timestamp":"Nov-08-2023 02:27:50"}
{"level":"info","message":"Getting list of uploaded data","meta":{"trace":"uploadData.js"},"timestamp":"Nov-08-2023 02:28:03"}
{"level":"info","message":"Getting list of uploaded data","meta":{"trace":"uploadData.js"},"timestamp":"Nov-08-2023 02:29:49"}
{"level":"info","message":"Getting list of uploaded data","meta":{"trace":"uploadData.js"},"timestamp":"Nov-08-2023 02:30:03"}
{"level":"info","message":"Getting list of uploaded data","meta":{"trace":"uploadData.js"},"timestamp":"Nov-08-2023 02:30:16"}
{"level":"info","message":"Getting list of uploaded data","meta":{"trace":"uploadData.js"},"timestamp":"Nov-08-2023 02:30:35"}
{"level":"info","message":"Getting list of uploaded data","meta":{"trace":"uploadData.js"},"timestamp":"Nov-08-2023 02:30:55"}
{"level":"info","message":"Getting list of uploaded data","meta":{"trace":"uploadData.js"},"timestamp":"Nov-08-2023 02:31:02"}
{"level":"info","message":"Getting list of uploaded data","meta":{"trace":"uploadData.js"},"timestamp":"Nov-08-2023 02:31:29"}
{"level":"info","message":"Getting list of uploaded data","meta":{"trace":"uploadData.js"},"timestamp":"Nov-08-2023 02:31:30"}
{"level":"info","message":"Getting list of uploaded data","meta":{"trace":"uploadData.js"},"timestamp":"Nov-08-2023 02:31:30"}
{"level":"info","message":"Getting list of uploaded data","meta":{"trace":"uploadData.js"},"timestamp":"Nov-08-2023 02:31:31"}
{"level":"info","message":"Getting list of uploaded data","meta":{"trace":"uploadData.js"},"timestamp":"Nov-08-2023 02:39:43"}
{"level":"info","message":"Getting list of uploaded data","meta":{"trace":"uploadData.js"},"timestamp":"Nov-08-2023 02:40:57"}
{"level":"info","message":"Getting list of uploaded data","meta":{"trace":"uploadData.js"},"timestamp":"Nov-08-2023 02:40:59"}
{"level":"info","message":"Getting list of uploaded data","meta":{"trace":"uploadData.js"},"timestamp":"Nov-08-2023 02:41:18"}
{"level":"info","message":"Getting list of uploaded data","meta":{"trace":"uploadData.js"},"timestamp":"Nov-10-2023 05:01:07"}
{"level":"info","message":"Getting list of uploaded data","meta":{"trace":"uploadData.js"},"timestamp":"Nov-10-2023 05:01:43"}
{"level":"info","message":"Getting list of uploaded data","meta":{"trace":"uploadData.js"},"timestamp":"Nov-10-2023 05:03:51"}
{"level":"info","message":"Getting list of uploaded data","meta":{"trace":"uploadData.js"},"timestamp":"Nov-10-2023 05:05:17"}
{"level":"info","message":"Getting list of uploaded data","meta":{"trace":"uploadData.js"},"timestamp":"Nov-10-2023 05:05:46"}
{"level":"info","message":"Getting list of uploaded data","meta":{"trace":"uploadData.js"},"timestamp":"Nov-22-2023 23:10:38"}
{"level":"info","message":"Getting list of uploaded data","meta":{"trace":"uploadData.js"},"timestamp":"Nov-22-2023 23:16:10"}
{"level":"info","message":"Getting list of uploaded data","meta":{"trace":"uploadData.js"},"timestamp":"Nov-22-2023 23:16:35"}
{"level":"info","message":"Getting list of uploaded data","meta":{"trace":"uploadData.js"},"timestamp":"Nov-22-2023 23:16:37"}
{"level":"info","message":"Getting list of uploaded data","meta":{"trace":"uploadData.js"},"timestamp":"Nov-22-2023 23:17:41"}
{"level":"info","message":"Getting list of uploaded data","meta":{"trace":"uploadData.js"},"timestamp":"Nov-22-2023 23:17:44"}
{"level":"info","message":"Getting list of uploaded data","meta":{"trace":"uploadData.js"},"timestamp":"Nov-22-2023 23:21:57"}
{"level":"info","message":"Getting list of uploaded data","meta":{"trace":"uploadData.js"},"timestamp":"Nov-22-2023 23:58:07"}
{"level":"info","message":"Getting list of uploaded data","meta":{"trace":"uploadData.js"},"timestamp":"Nov-23-2023 00:00:17"}
{"level":"info","message":"Getting list of uploaded data","meta":{"trace":"uploadData.js"},"timestamp":"Nov-23-2023 01:17:17"}
{"level":"info","message":"Getting list of uploaded data","meta":{"trace":"uploadData.js"},"timestamp":"Nov-23-2023 01:17:29"}
{"level":"info","message":"Getting list of uploaded data","meta":{"trace":"uploadData.js"},"timestamp":"Nov-23-2023 01:17:46"}
{"level":"info","message":"Getting list of uploaded data","meta":{"trace":"uploadData.js"},"timestamp":"Feb-27-2024 01:06:12"}
{"level":"info","message":"Getting list of uploaded data","meta":{"trace":"uploadData.js"},"timestamp":"Feb-27-2024 01:10:56"}
{"level":"info","message":"Getting list of uploaded data","meta":{"trace":"uploadData.js"},"timestamp":"Feb-27-2024 01:11:21"}
{"level":"info","message":"Getting list of uploaded data","meta":{"trace":"uploadData.js"},"timestamp":"Feb-27-2024 01:13:38"}
{"level":"info","message":"Getting list of uploaded data","meta":{"trace":"uploadData.js"},"timestamp":"Feb-27-2024 01:14:16"}
{"level":"info","message":"Getting list of uploaded data","meta":{"trace":"uploadData.js"},"timestamp":"Feb-27-2024 01:15:51"}
{"level":"info","message":"Insert upload data on upload_session for sessionId: 2","meta":{"trace":"excelUpload.js"},"timestamp":"Feb-27-2024 01:16:05"}
{"level":"info","message":"Insert upload data on upload_session for sessionId: 3","meta":{"trace":"excelUpload.js"},"timestamp":"Feb-27-2024 01:16:44"}
